bus = 2
bus = <smbus2.smbus2.SMBus object at 0x7fa22bbdf0>, fd = 6, addr = 105
Traceback (most recent call last):
  File "/home/logger/flight_logging/watchdog_server.py", line 318, in <module>
    main()
  File "/home/logger/flight_logging/watchdog_server.py", line 314, in main
    watchdog.start_monitoring()
  File "/home/logger/flight_logging/watchdog_server.py", line 294, in start_monitoring
    self.instances[name] = self.spawn_instance(name)
  File "/home/logger/flight_logging/watchdog_server.py", line 269, in spawn_instance
    instance = ADSSensorDataLogger()
  File "/home/logger/flight_logging/ads_main_pniwd.py", line 15, in __init__
    self.ads_sensors = ADS_Sensors()
  File "/home/logger/flight_logging/ADS_class.py", line 68, in __init__
    self.imu_gyro = ICM20948(i2c_addr=I2C_ADDR_ALT, i2c_bus=2)
  File "/home/logger/flight_logging/lib/icm20948_lib.py", line 262, in __init__
    self.bank(0)
  File "/home/logger/flight_logging/lib/icm20948_lib.py", line 92, in bank
    self.write(ICM20948_BANK_SEL, value << 4)
  File "/home/logger/flight_logging/lib/icm20948_lib.py", line 72, in write
    self._bus.write_byte_data(self._addr, reg, value)
  File "/home/logger/.local/lib/python3.9/site-packages/smbus2/smbus2.py", line 455, in write_byte_data
    ioctl(self.fd, I2C_SMBUS, msg)
OSError: [Errno 6] No such device or address
