2024-08-01 15:59:12,164 - WatchdogLogger - INFO - Started ADS thread with ID 548465836480
2024-08-01 15:59:12,167 - WatchdogLogger - INFO - Started QuadMag thread with ID 548235182528
2024-08-01 15:59:12,200 - WatchdogLogger - INFO - Started OPV thread with ID 548069794240
2024-08-01 15:59:12,346 - WatchdogLogger - INFO - Started Status thread with ID 548061401536
2024-08-01 16:00:12,360 - WatchdogLogger - INFO - Status thread died. Restarting...
2024-08-01 16:00:13,346 - WatchdogLogger - INFO - Started Status thread with ID 548061401536
2024-08-01 16:02:13,431 - WatchdogLogger - INFO - Status thread died. Restarting...
2024-08-01 16:02:15,200 - WatchdogLogger - INFO - Started Status thread with ID 548061401536
2024-08-01 16:04:15,212 - WatchdogLogger - INFO - Status thread died. Restarting...
2024-08-01 16:04:17,085 - WatchdogLogger - INFO - Started Status thread with ID 548061401536
2024-08-01 16:06:17,135 - WatchdogLogger - INFO - Status thread died. Restarting...
2024-08-01 16:06:19,401 - WatchdogLogger - INFO - Started Status thread with ID 548061401536
2024-08-01 16:08:19,523 - WatchdogLogger - INFO - Status thread died. Restarting...
2024-08-01 16:08:21,337 - WatchdogLogger - INFO - Started Status thread with ID 548061401536
2024-08-01 16:10:21,445 - WatchdogLogger - INFO - Status thread died. Restarting...
2024-08-01 16:10:23,270 - WatchdogLogger - INFO - Started Status thread with ID 548061401536
2024-08-01 16:12:33,748 - WatchdogLogger - INFO - Started ADS thread with ID 547583435200
2024-08-01 16:12:33,754 - WatchdogLogger - INFO - Started QuadMag thread with ID 547352781248
2024-08-01 16:12:33,791 - WatchdogLogger - INFO - Started OPV thread with ID 547187392960
2024-08-01 16:12:33,916 - WatchdogLogger - INFO - Started Status thread with ID 547179000256
2024-08-01 16:13:33,978 - WatchdogLogger - INFO - Status thread died. Restarting...
2024-08-01 16:13:34,919 - WatchdogLogger - INFO - Started Status thread with ID 547179000256
2024-08-01 16:15:51,145 - WatchdogLogger - INFO - Started ADS thread with ID 548357202368
2024-08-01 16:15:51,156 - WatchdogLogger - INFO - Started QuadMag thread with ID 548160102848
2024-08-01 16:15:51,187 - WatchdogLogger - INFO - Started OPV thread with ID 547961160128
2024-08-01 16:15:51,335 - WatchdogLogger - INFO - Started Status thread with ID 547952767424
2024-08-01 16:16:51,372 - WatchdogLogger - INFO - Status thread died. Restarting...
2024-08-01 16:16:52,316 - WatchdogLogger - INFO - Started Status thread with ID 547952767424
