INFO:WatchdogLogger:Started Status thread with ID 547965874624
INFO:WatchdogLogger:Started Beacon_Transmitter thread with ID 547957481920
./OPV/68_00:43:38.70.csv
this is telem data: bytearray(b'\xab\xcd"\x01\x00\x13\x03\x11\x00\xc3\xe3\xff\xffS\xe6\xc9\xfa')
Beacon sent.
2.134453773498535
./OPV/69_00:43:40.96.csv
2.367250442504883
./OPV/70_00:43:43.44.csv
2.143771171569824
./OPV/71_00:43:45.71.csv
2.06850266456604
./OPV/72_00:43:47.90.csv
this is telem data: bytearray(b'\xab\xcd"\x01\x00\x13\x03\x9c\x00O\xfa\xd4N\x8b\x15\xfb\x10\x00\x00?\x04\x1c\x00M\x01\x07\x00\xfc\x01\x18\x00@\x04\x1b\x00\x92\x0b7\r\xab\n$\x08\xba&\x00\x00\x00\x00\x00\x00\x00\x00\x00\x00\x00\x00\x00\x00\x00\x00\x00\x00\x00\x00\x00\x00\x00\x00\x00\x00\x00\x00\x00\x00\x00\x00\x00\x00\x00\x00\x00\x00\x00\x00\x00\x00\x00\x00\x00\x00\x00\x00\x00\x00\x00\x00\x14\x08\xb1\x02\x1a\x02\x00\x00\x00\x84p\xc5f\x03\x00\x00\x00\x00\x00\x00\x00\x08\x00\xc4\x06\x00\x00q\x15\x00\x00\xb8\xef\xff\xff\x12\x00\x00\x00M\xff\xff\xff\x18\x00\x00\x00\x00\x00\x00\x00\x00\x00(\xc6\xa3\x1f\x84}')
Beacon sent.
2.2963624000549316
./OPV/73_00:43:50.32.csv
2.105142116546631
./OPV/74_00:43:52.54.csv
2.04642915725708
./OPV/75_00:43:54.71.csv
2.1807515621185303
./OPV/76_00:43:57.01.csv
this is telem data: bytearray(b'\xab\xcd"\x01\x00\x13\x03\x9c\x00O\xfa\xe6N\x8b\x150\x11\x00\x00?\x04\x1d\x00L\x01\x06\x00\xfb\x01\x19\x00?\x04\x1f\x00T\x0bG\r\xab\n$\x08\xba&\x00\x00\x00\x00\x00\x00\x00\x00\x00\x00\x00\x00\x00\x00\x00\x00\x00\x00\x00\x00\x00\x00\x00\x00\x00\x00\x00\x00\x00\x00\x00\x00\x00\x00\x00\x00\x00\x00\x00\x00\x00\x00\x00\x00\x00\x00\x00\x00\x00\x00\x00\x00\x84\x08\xf8\x02%\x02\x00\x00\x00\x8ep\xc5f\x03\x00\x00\x00\x00\x00\x00\x00\x08\x00\xcc\x06\x00\x00\x81\x15\x00\x00\xae\xef\xff\xff-\x00\x00\x00b\xff\xff\xff\x18\x00\x00\x00\x00\x00\x00\x00\x00\x00N\xbc\x8b\xc9*%')
Beacon sent.
2.235257148742676
./OPV/77_00:43:59.37.csv
2.0331010818481445
./OPV/78_00:44:01.52.csv
2.1387054920196533
./OPV/79_00:44:03.78.csv
2.131552219390869
./OPV/80_00:44:06.04.csv
2.036978006362915
./OPV/81_00:44:08.20.csv
this is telem data: bytearray(b'\xab\xcd"\x01\x00\x13\x03\x9c\x00O\xfa\xf3N\x8b\x150\x11\x00\x00?\x04\x1f\x00L\x01\x06\x00\xfb\x01\x16\x00@\x04\x1d\x00\x97\x0b<\r\xab\n$\x08\xba&\x00\x00\x00\x00\x00\x00\x00\x00\x00\x00\x00\x00\x00\x00\x00\x00\x00\x00\x00\x00\x00\x00\x00\x00\x00\x00\x00\x00\x00\x00\x00\x00\x00\x00\x00\x00\x00\x00\x00\x00\x00\x00\x00\x00\x00\x00\x00\x00\x00\x00\x00\x00\xf4\x07\xf0\x02\x15\x02\x00\x00\x00\x98p\xc5f\x03\x00\x00\x00\x00\x00\x00\x00\x08\x00\xce\x06\x00\x00n\x15\x00\x00\xbb\xef\xff\xff!\x00\x00\x00S\xff\xff\xff!\x00\x00\x00\x00\x00\x00\x00\x00\x00\xdc\x87\xa1J\xa3\x8d')
Beacon sent.
2.304955244064331
./OPV/82_00:44:10.62.csv
2.0983433723449707
./OPV/83_00:44:12.85.csv
2.072615623474121
./OPV/84_00:44:15.04.csv
2.15525221824646
./OPV/85_00:44:17.32.csv
this is telem data: bytearray(b'\xab\xcd"\x01\x00\x13\x03\x9c\x00O\xfa\xf1N\x8b\x15f\x11\x00\x00@\x04\x1e\x00L\x01\x06\x00\xfa\x01\x14\x00@\x04\x1f\x00\xa2\x0b`\r\xab\n#\x08\xba&\x00\x00\x00\x00\x00\x00\x00\x00\x00\x00\x00\x00\x00\x00\x00\x00\x00\x00\x00\x00\x00\x00\x00\x00\x00\x00\x00\x00\x00\x00\x00\x00\x00\x00\x00\x00\x00\x00\x00\x00\x00\x00\x00\x00\x00\x00\x00\x00\x00\x00\x00\x00k\x08\xe4\x02\x15\x02\x00\x00\x00\xa2p\xc5f\x03\x00\x00\x00\x00\x00\x00\x00\x08\x00\xd0\x06\x00\x00\x88\x15\x00\x00\xaa\xef\xff\xff\x15\x00\x00\x00G\xff\xff\xff\'\x00\x00\x00\x00\x00\x00\x00\x00\x00\xac6\x9cw\xeb\xc9')
Beacon sent.
2.289656400680542
./OPV/86_00:44:19.73.csv
2.110351324081421
./OPV/87_00:44:21.96.csv
2.1494240760803223
./OPV/88_00:44:24.24.csv
2.141308069229126
./OPV/89_00:44:26.50.csv
2.0778114795684814
./OPV/90_00:44:28.70.csv
this is telem data: bytearray(b'\xab\xcd"\x01\x00\x13\x03\x9c\x00O\xfa\xe6N\x8b\x15\x9c\x11\x00\x00@\x04\x1e\x00M\x01\x05\x00\xfb\x01\x18\x00@\x04\x1d\x00\x88\x0bA\r\xab\n#\x08\xba&\x00\x00\x00\x00\x00\x00\x00\x00\x00\x00\x00\x00\x00\x00\x00\x00\x00\x00\x00\x00\x00\x00\x00\x00\x00\x00\x00\x00\x00\x00\x00\x00\x00\x00\x00\x00\x00\x00\x00\x00\x00\x00\x00\x00\x00\x00\x00\x00\x00\x00\x00\x00\x1d\x08\xb8\x02#\x02\x00\x00\x00\xacp\xc5f\x03\x00\x00\x00\x00\x00\x00\x00\x08\x00\xc9\x06\x00\x00m\x15\x00\x00\xba\xef\xff\xff3\x00\x00\x00M\xff\xff\xff\x1b\x00\x00\x00\x00\x00\x00\x00\x00\x00E\xfe\x81uy\xdc')
Beacon sent.
2.5278234481811523
./OPV/91_00:44:31.35.csv
2.131714105606079
./OPV/92_00:44:33.60.csv
2.1109514236450195
./OPV/93_00:44:35.84.csv
2.139802932739258
./OPV/94_00:44:38.10.csv
this is telem data: bytearray(b'\xab\xcd"\x01\x00\x13\x03\x9c\x00O\xfa\xf4N\x8b\x15\x9c\x11\x00\x00?\x04!\x00L\x01\x06\x00\xfb\x01\x1b\x00>\x04\x1f\x00\x9c\x0b<\r\xab\n#\x08\xba&\x00\x00\x00\x00\x00\x00\x00\x00\x00\x00\x00\x00\x00\x00\x00\x00\x00\x00\x00\x00\x00\x00\x00\x00\x00\x00\x00\x00\x00\x00\x00\x00\x00\x00\x00\x00\x00\x00\x00\x00\x00\x00\x00\x00\x00\x00\x00\x00\x00\x00\x00\x00[\x08\xfb\x02H\x02\x00\x00\x00\xb6p\xc5f\x03\x00\x00\x00\x00\x00\x00\x00\x08\x00\xc0\x06\x00\x00q\x15\x00\x00\xb3\xef\xff\xff!\x00\x00\x00_\xff\xff\xff\x1b\x00\x00\x00\x00\x00\x00\x00\x00\x00\x0ck\xf9h\'\x8f')
Beacon sent.
2.244098424911499
./OPV/95_00:44:40.46.csv
2.0964159965515137
./OPV/96_00:44:42.68.csv
2.0924854278564453
./OPV/97_00:44:44.90.csv
2.1098804473876953
./OPV/98_00:44:47.13.csv
this is telem data: bytearray(b'\xab\xcd"\x01\x00\x13\x03\x9c\x00O\xfa\xefN\x8b\x15\x9c\x11\x00\x00@\x04\x1b\x00M\x01\x06\x00\xfc\x01\x15\x00?\x04\x1e\x00\xac\x0bV\r\xab\n#\x08\xba&\x00\x00\x00\x00\x00\x00\x00\x00\x00\x00\x00\x00\x00\x00\x00\x00\x00\x00\x00\x00\x00\x00\x00\x00\x00\x00\x00\x00\x00\x00\x00\x00\x00\x00\x00\x00\x00\x00\x00\x00\x00\x00\x00\x00\x00\x00\x00\x00\x00\x00\x00\x00=\x08\xed\x02\x15\x02\x00\x00\x00\xc0p\xc5f\x03\x00\x00\x00\x00\x00\x00\x00\x08\x00\xd8\x06\x00\x00d\x15\x00\x00\xba\xef\xff\xff\x15\x00\x00\x00k\xff\xff\xff\x06\x00\x00\x00\x00\x00\x00\x00\x00\x00\xcf\x08\x98\xb2tM')
Beacon sent.
2.236121416091919
./OPV/99_00:44:49.49.csv
2.1093947887420654
./OPV/100_00:44:51.72.csv
2.142348527908325
./OPV/101_00:44:53.99.csv
2.1158151626586914
./OPV/102_00:44:56.23.csv
2.099350929260254
./OPV/103_00:44:58.45.csv
this is telem data: bytearray(b'\xab\xcd"\x01\x00\x13\x03\x9c\x00O\xfa\x07O\x8b\x15\x9c\x11\x00\x00@\x04\x1c\x00M\x01\x05\x00\xfb\x01\x19\x00>\x04\x1d\x00\x9c\x0bG\r\xab\n#\x08\xba&\x00\x00\x00\x00\x00\x00\x00\x00\x00\x00\x00\x00\x00\x00\x00\x00\x00\x00\x00\x00\x00\x00\x00\x00\x00\x00\x00\x00\x00\x00\x00\x00\x00\x00\x00\x00\x00\x00\x00\x00\x00\x00\x00\x00\x00\x00\x00\x00\x00\x00\x00\x003\x08\xf9\x02\'\x02\x00\x00\x00\xcap\xc5f\x03\x00\x00\x00\x00\x00\x00\x00\x08\x00\xd1\x06\x00\x00q\x15\x00\x00\xab\xef\xff\xff\x12\x00\x00\x00_\xff\xff\xff\x1e\x00\x00\x00\x00\x00\x00\x00\x00\x00\xe7\x89\x18\xbdK"')
Beacon sent.
2.3035941123962402
./OPV/104_00:45:00.87.csv
2.104466199874878
./OPV/105_00:45:03.10.csv
2.0260283946990967
./OPV/106_00:45:05.25.csv
2.165959596633911
./OPV/107_00:45:07.54.csv
this is telem data: bytearray(b'\xab\xcd"\x01\x00\x13\x03\x9c\x00O\xfa\x0bO\x8b\x15\xd2\x11\x00\x00>\x04\x1c\x00L\x01\x06\x00\xfb\x01\x19\x00>\x04\x1f\x00\x97\x0b<\r\xa5\n#\x08\xba&\x00\x00\x00\x00\x00\x00\x00\x00\x00\x00\x00\x00\x00\x00\x00\x00\x00\x00\x00\x00\x00\x00\x00\x00\x00\x00\x00\x00\x00\x00\x00\x00\x00\x00\x00\x00\x00\x00\x00\x00\x00\x00\x00\x00\x00\x00\x00\x00\x00\x00\x00\x00u\x08\xf4\x02&\x02\x00\x00\x00\xd4p\xc5f\x03\x00\x00\x00\x00\x00\x00\x00\x08\x00\xb1\x06\x00\x00r\x15\x00\x00\xa4\xef\xff\xff0\x00\x00\x00S\xff\xff\xff\'\x00\x00\x00\x00\x00\x00\x00\x00\x00G>\xec\x86Lf')
Beacon sent.
2.323399066925049
./OPV/108_00:45:09.99.csv
2.0996627807617188
./OPV/109_00:45:12.21.csv
2.108247995376587
./OPV/110_00:45:14.44.csv
2.1326687335968018
./OPV/111_00:45:16.70.csv
this is telem data: bytearray(b'\xab\xcd"\x01\x00\x13\x03\x9c\x00O\xfa\xe0N\x8b\x15\xd2\x11\x00\x00@\x04\x1c\x00L\x01\x06\x00\xfa\x01\x14\x00?\x04\x1c\x00^\x0bL\r\xab\n$\x08\xba&\x00\x00\x00\x00\x00\x00\x00\x00\x00\x00\x00\x00\x00\x00\x00\x00\x00\x00\x00\x00\x00\x00\x00\x00\x00\x00\x00\x00\x00\x00\x00\x00\x00\x00\x00\x00\x00\x00\x00\x00\x00\x00\x00\x00\x00\x00\x00\x00\x00\x00\x00\x00T\x08\xe6\x020\x02\x00\x00\x00\xdep\xc5f\x03\x00\x00\x00\x00\x00\x00\x00\x08\x00\xd0\x06\x00\x00d\x15\x00\x00\xbb\xef\xff\xff\x12\x00\x00\x00_\xff\xff\xff\x15\x00\x00\x00\x00\x00\x00\x00\x00\x00\xdc\x85\xfe\xfb\x97u')
Beacon sent.
2.4609673023223877
./OPV/112_00:45:19.28.csv
2.161160945892334
./OPV/113_00:45:21.57.csv
2.131432056427002
./OPV/114_00:45:23.82.csv
Traceback (most recent call last):
  File "/home/logger/flight_logging/watchdog_server.py", line 420, in <module>
    main()
  File "/home/logger/flight_logging/watchdog_server.py", line 415, in main
    watchdog.start_monitoring()
  File "/home/logger/flight_logging/watchdog_server.py", line 398, in start_monitoring
    self.monitor()
  File "/home/logger/flight_logging/watchdog_server.py", line 353, in monitor
    time.sleep(60)  # Adjust the sleep duration as needed
KeyboardInterrupt
Exception ignored in: <module 'threading' from '/usr/lib/python3.9/threading.py'>
Traceback (most recent call last):
  File "/usr/lib/python3.9/threading.py", line 1428, in _shutdown
    lock.acquire()
KeyboardInterrupt: 
2.0608432292938232
./OPV/115_00:45:26.01.csv
