Traceback (most recent call last):
  File "/home/logger/flight_logging/watchdog_server.py", line 16, in <module>
    from QM_class import QuadMag_logger
  File "/home/logger/flight_logging/QM_class.py", line 2, in <module>
    from Flight_GetQMData import QuadMag
  File "/home/logger/flight_logging/Flight_GetQMData.py", line 14, in <module>
    import lib.data_processing_lib.data_commands_lib as dcl
  File "/home/logger/flight_logging/lib/data_processing_lib/data_commands_lib.py", line 3, in <module>
    import matplotlib.pyplot as plt
  File "/home/logger/.local/lib/python3.9/site-packages/matplotlib/pyplot.py", line 66, in <module>
    from matplotlib.figure import Figure, FigureBase, figaspect
  File "/home/logger/.local/lib/python3.9/site-packages/matplotlib/figure.py", line 40, in <module>
    from matplotlib import _blocking_input, backend_bases, _docstring, projections
  File "/home/logger/.local/lib/python3.9/site-packages/matplotlib/projections/__init__.py", line 55, in <module>
    from .. import axes, _docstring
  File "/home/logger/.local/lib/python3.9/site-packages/matplotlib/axes/__init__.py", line 1, in <module>
    from . import _base
  File "/home/logger/.local/lib/python3.9/site-packages/matplotlib/axes/_base.py", line 16, in <module>
    import matplotlib.axis as maxis
  File "/home/logger/.local/lib/python3.9/site-packages/matplotlib/axis.py", line 448, in <module>
    class YTick(Tick):
  File "/home/logger/.local/lib/python3.9/site-packages/matplotlib/artist.py", line 150, in __init_subclass__
    cls._update_set_signature_and_docstring()
  File "/home/logger/.local/lib/python3.9/site-packages/matplotlib/artist.py", line 178, in _update_set_signature_and_docstring
    + kwdoc(cls))
  File "/home/logger/.local/lib/python3.9/site-packages/matplotlib/artist.py", line 1858, in kwdoc
    'Properties:\n' + '\n'.join(ai.pprint_setters(leadingspace=4)))
  File "/home/logger/.local/lib/python3.9/site-packages/matplotlib/artist.py", line 1618, in pprint_setters
    for prop in sorted(self.get_setters()):
  File "/home/logger/.local/lib/python3.9/site-packages/matplotlib/artist.py", line 1527, in get_setters
    for name in dir(self.o):
KeyboardInterrupt
