INFO:WatchdogLogger:Started Status thread with ID 548094046656
INFO:WatchdogLogger:Started Beacon_Transmitter thread with ID 547742544320
./OPV/0_00:38:38.57.csv
this is telem data: bytearray(b'\xab\xcd"\x01\x00\x13\x03\x11\x00\xc3\xe3\xff\xffS\xe6\xc9\xfa')
Beacon sent.
2.2026171684265137
./OPV/1_00:38:40.95.csv
2.33876633644104
./OPV/2_00:38:43.41.csv
2.0970726013183594
./OPV/3_00:38:45.62.csv
2.0619683265686035
./OPV/4_00:38:47.80.csv
this is telem data: bytearray(b'\xab\xcd"\x01\x00\x13\x03\x9c\x00O\xfa\xe9M\x8c\x15\xc5\x10\x00\x00@\x04!\x00L\x01\x06\x00\xfb\x01\x17\x00A\x04\x1d\x00\x92\x0bA\r\x9e\n&\x08\xba&\x00\x00\x00\x00\x00\x00\x00\x00\x00\x00\x00\x00\x00\x00\x00\x00\x00\x00\x00\x00\x00\x00\x00\x00\x00\x00\x00\x00\x00\x00\x00\x00\x00\x00\x00\x00\x00\x00\x00\x00\x00\x00\x00\x00\x00\x00\x00\x00\x00\x00\x00\x00\r\x08\x10\x03<\x02\x00\x00\x00Xo\xc5f\x01\x00\x00\x00\x00\x00\x00\x00\x08\x00\xce\x06\x00\x00n\x15\x00\x00\xb2\xef\xff\xff\x18\x00\x00\x00_\xff\xff\xff\x15\x00\x00\x00\x00\x00\x00\x00\x00\x00lc\xd5\x11\\\xa2')
Beacon sent.
2.309361457824707
./OPV/5_00:38:50.23.csv
2.1258182525634766
./OPV/6_00:38:52.48.csv
2.026754379272461
./OPV/7_00:38:54.62.csv
2.1742019653320312
./OPV/8_00:38:56.92.csv
this is telem data: bytearray(b'\xab\xcd"\x01\x00\x13\x03\x9c\x00O\xfa\x05N\x8c\x15\xc5\x10\x00\x00>\x04\x1d\x00K\x01\x07\x00\xfb\x01\x18\x00?\x04\x1d\x00\x82\x0b\'\r\x9e\n&\x08\xba&\x00\x00\x00\x00\x00\x00\x00\x00\x00\x00\x00\x00\x00\x00\x00\x00\x00\x00\x00\x00\x00\x00\x00\x00\x00\x00\x00\x00\x00\x00\x00\x00\x00\x00\x00\x00\x00\x00\x00\x00\x00\x00\x00\x00\x00\x00\x00\x00\x00\x00\x00\x00~\x08\xb7\x02\xed\x01\x00\x00\x00bo\xc5f\x01\x00\x00\x00\x00\x00\x00\x00\x08\x00\xcd\x06\x00\x00m\x15\x00\x00\xac\xef\xff\xff$\x00\x00\x00P\xff\xff\xff3\x00\x00\x00\x00\x00\x00\x00\x00\x00=\x18\xba\xff\x92\xb5')
Beacon sent.
2.2753849029541016
./OPV/9_00:38:59.31.csv
2.0483858585357666
./OPV/10_00:39:01.48.csv
2.1443305015563965
./OPV/11_00:39:03.74.csv
2.136657476425171
./OPV/12_00:39:06.00.csv
2.0584449768066406
./OPV/13_00:39:08.18.csv
this is telem data: bytearray(b'\xab\xcd"\x01\x00\x13\x03\x9c\x00O\xfa\x15N\x8c\x150\x11\x00\x00@\x04\x1b\x00L\x01\x06\x00\xfc\x01\x17\x00?\x04\x1c\x00s\x0bL\r\x9e\n&\x08\xba&\x00\x00\x00\x00\x00\x00\x00\x00\x00\x00\x00\x00\x00\x00\x00\x00\x00\x00\x00\x00\x00\x00\x00\x00\x00\x00\x00\x00\x00\x00\x00\x00\x00\x00\x00\x00\x00\x00\x00\x00\x00\x00\x00\x00\x00\x00\x00\x00\x00\x00\x00\x00\n\x08\xd9\x02,\x02\x00\x00\x00lo\xc5f\x01\x00\x00\x00\x00\x00\x00\x00\x08\x00\xca\x06\x00\x00j\x15\x00\x00\xa8\xef\xff\xff-\x00\x00\x00b\xff\xff\xff*\x00\x00\x00\x00\x00\x00\x00\x00\x00\xccrdt\xae\xb8')
Beacon sent.
2.3064510822296143
./OPV/14_00:39:10.60.csv
2.1114416122436523
./OPV/15_00:39:12.84.csv
2.0256712436676025
./OPV/16_00:39:14.98.csv
2.1579909324645996
./OPV/17_00:39:17.26.csv
this is telem data: bytearray(b'\xab\xcd"\x01\x00\x13\x03\x9c\x00O\xfa&N\x8c\x150\x11\x00\x00@\x04\x1d\x00L\x01\x06\x00\xfb\x01\x1a\x00?\x04\x1d\x00\x8d\x0b7\r\x9e\n(\x08\xba&\x00\x00\x00\x00\x00\x00\x00\x00\x00\x00\x00\x00\x00\x00\x00\x00\x00\x00\x00\x00\x00\x00\x00\x00\x00\x00\x00\x00\x00\x00\x00\x00\x00\x00\x00\x00\x00\x00\x00\x00\x00\x00\x00\x00\x00\x00\x00\x00\x00\x00\x00\x00m\x08\xb8\x02\xfe\x01\x00\x00\x00vo\xc5f\x01\x00\x00\x00\x00\x00\x00\x00\x08\x00\xb6\x06\x00\x00n\x15\x00\x00\xb7\xef\xff\xff*\x00\x00\x00P\xff\xff\xff\x1e\x00\x00\x00\x00\x00\x00\x00\x00\x00\xe5\xf1@TN\xa9')
Beacon sent.
2.2505109310150146
./OPV/18_00:39:19.63.csv
2.112072706222534
./OPV/19_00:39:21.86.csv
2.1361947059631348
./OPV/20_00:39:24.12.csv
2.1035420894622803
./OPV/21_00:39:26.34.csv
2.124587059020996
./OPV/22_00:39:28.58.csv
this is telem data: bytearray(b'\xab\xcd"\x01\x00\x13\x03\x9c\x00O\xfa\x01N\x8c\x15\x9c\x11\x00\x00?\x04\x1f\x00L\x01\x06\x00\xfb\x01\x16\x00?\x04\x1d\x00\xa2\x0bA\r\x9e\n*\x08\xba&\x00\x00\x00\x00\x00\x00\x00\x00\x00\x00\x00\x00\x00\x00\x00\x00\x00\x00\x00\x00\x00\x00\x00\x00\x00\x00\x00\x00\x00\x00\x00\x00\x00\x00\x00\x00\x00\x00\x00\x00\x00\x00\x00\x00\x00\x00\x00\x00\x00\x00\x00\x00L\x08\xe9\x020\x02\x00\x00\x00\x80o\xc5f\x01\x00\x00\x00\x00\x00\x00\x00\x08\x00\xd0\x06\x00\x00l\x15\x00\x00\xbb\xef\xff\xff$\x00\x00\x00h\xff\xff\xff0\x00\x00\x00\x00\x00\x00\x00\x00\x00\xd7ah\xb6\xfdQ')
Beacon sent.
2.4986732006073
./OPV/23_00:39:31.20.csv
2.109557867050171
./OPV/24_00:39:33.43.csv
2.085416555404663
./OPV/25_00:39:35.64.csv
2.114870071411133
./OPV/26_00:39:37.88.csv
this is telem data: bytearray(b'\xab\xcd"\x01\x00\x13\x03\x9c\x00O\xfa\x06N\x8c\x15\x9c\x11\x00\x00>\x04\x1e\x00L\x01\x06\x00\xfc\x01\x19\x00>\x04\x1f\x00}\x0b\'\r\x9e\n)\x08\xba&\x00\x00\x00\x00\x00\x00\x00\x00\x00\x00\x00\x00\x00\x00\x00\x00\x00\x00\x00\x00\x00\x00\x00\x00\x00\x00\x00\x00\x00\x00\x00\x00\x00\x00\x00\x00\x00\x00\x00\x00\x00\x00\x00\x00\x00\x00\x00\x00\x00\x00\x00\x00B\x08\xed\x02\x1c\x02\x00\x00\x00\x8ao\xc5f\x01\x00\x00\x00\x00\x00\x00\x00\x08\x00\xd4\x06\x00\x00l\x15\x00\x00\xc3\xef\xff\xff\x1b\x00\x00\x00V\xff\xff\xff0\x00\x00\x00\x00\x00\x00\x00\x00\x00\x80\xf2@\x1f\x90\x81')
Beacon sent.
2.2681150436401367
./OPV/27_00:39:40.26.csv
2.1168131828308105
./OPV/28_00:39:42.50.csv
2.1052322387695312
./OPV/29_00:39:44.73.csv
2.1761367321014404
./OPV/30_00:39:47.03.csv
this is telem data: bytearray(b'\xab\xcd"\x01\x00\x13\x03\x9c\x00O\xfa\x18N\x8b\x15f\x11\x00\x00=\x04!\x00M\x01\x06\x00\xfb\x01\x17\x00?\x04\x1f\x00\x88\x0bV\r\xa5\n*\x08\xba&\x00\x00\x00\x00\x00\x00\x00\x00\x00\x00\x00\x00\x00\x00\x00\x00\x00\x00\x00\x00\x00\x00\x00\x00\x00\x00\x00\x00\x00\x00\x00\x00\x00\x00\x00\x00\x00\x00\x00\x00\x00\x00\x00\x00\x00\x00\x00\x00\x00\x00\x00\x00\x80\x08\xed\x02-\x02\x00\x00\x00\x94o\xc5f\x01\x00\x00\x00\x00\x00\x00\x00\x08\x00\xac\x06\x00\x00j\x15\x00\x00\xb0\xef\xff\xff\x1e\x00\x00\x00e\xff\xff\xff\'\x00\x00\x00\x00\x00\x00\x00\x00\x00\xc3r\xf0\x9d\xe6@')
Beacon sent.
2.2684733867645264
./OPV/31_00:39:49.41.csv
2.09321928024292
./OPV/32_00:39:51.63.csv
2.1252150535583496
./OPV/33_00:39:53.88.csv
2.1674158573150635
./OPV/34_00:39:56.17.csv
2.141251564025879
./OPV/35_00:39:58.43.csv
this is telem data: bytearray(b'\xab\xcd"\x01\x00\x13\x03\x9c\x00O\xfa4N\x8b\x15\xd2\x11\x00\x00>\x04!\x00L\x01\x06\x00\xfa\x01\x18\x00>\x04#\x00c\x0bL\r\xa5\n+\x08\xba&\x00\x00\x00\x00\x00\x00\x00\x00\x00\x00\x00\x00\x00\x00\x00\x00\x00\x00\x00\x00\x00\x00\x00\x00\x00\x00\x00\x00\x00\x00\x00\x00\x00\x00\x00\x00\x00\x00\x00\x00\x00\x00\x00\x00\x00\x00\x00\x00\x00\x00\x00\x00]\x08\x00\x03=\x02\x00\x00\x00\x9eo\xc5f\x01\x00\x00\x00\x00\x00\x00\x00\x08\x00\xcd\x06\x00\x00l\x15\x00\x00\xb4\xef\xff\xff0\x00\x00\x00h\xff\xff\xff!\x00\x00\x00\x00\x00\x00\x00\x00\x00a\x86D\xe2\x8c\xa8')
Beacon sent.
2.2684507369995117
./OPV/36_00:40:00.82.csv
2.1148109436035156
./OPV/37_00:40:03.05.csv
2.063621997833252
./OPV/38_00:40:05.24.csv
2.1988532543182373
./OPV/39_00:40:07.56.csv
this is telem data: bytearray(b'\xab\xcd"\x01\x00\x13\x03\x9c\x00O\xfaAN\x8b\x15\xd2\x11\x00\x00>\x04\x1c\x00L\x01\x06\x00\xfc\x01\x17\x00>\x04\x1e\x00\x92\x0b<\r\x9e\n+\x08\xba&\x00\x00\x00\x00\x00\x00\x00\x00\x00\x00\x00\x00\x00\x00\x00\x00\x00\x00\x00\x00\x00\x00\x00\x00\x00\x00\x00\x00\x00\x00\x00\x00\x00\x00\x00\x00\x00\x00\x00\x00\x00\x00\x00\x00\x00\x00\x00\x00\x00\x00\x00\x00\x96\x08\xae\x02\x05\x02\x00\x00\x00\xa8o\xc5f\x01\x00\x00\x00\x00\x00\x00\x00\x08\x00\xc8\x06\x00\x00h\x15\x00\x00\xc2\xef\xff\xff\x0f\x00\x00\x00\\\xff\xff\xff\x18\x00\x00\x00\x00\x00\x00\x00\x00\x00\x05\x9f\x82\x0c\xb4\x8b')
Beacon sent.
2.2992560863494873
./OPV/40_00:40:09.98.csv
2.0068230628967285
./OPV/41_00:40:12.10.csv
2.1732194423675537
./OPV/42_00:40:14.39.csv
2.1290931701660156
./OPV/43_00:40:16.64.csv
this is telem data: bytearray(b'\xab\xcd"\x01\x00\x13\x03\x9c\x00O\xfauN\x8b\x15\xd2\x11\x00\x00?\x04\x1d\x00L\x01\x05\x00\xfb\x01\x16\x00?\x04\x1d\x00\x92\x0b2\r\xa5\n*\x08\xba&\x00\x00\x00\x00\x00\x00\x00\x00\x00\x00\x00\x00\x00\x00\x00\x00\x00\x00\x00\x00\x00\x00\x00\x00\x00\x00\x00\x00\x00\x00\x00\x00\x00\x00\x00\x00\x00\x00\x00\x00\x00\x00\x00\x00\x00\x00\x00\x00\x00\x00\x00\x00Q\x08\xfb\x02G\x02\x00\x00\x00\xb2o\xc5f\x01\x00\x00\x00\x00\x00\x00\x00\x08\x00\xd1\x06\x00\x00|\x15\x00\x00\xba\xef\xff\xff\x1b\x00\x00\x00b\xff\xff\xff\x1e\x00\x00\x00\x00\x00\x00\x00\x00\x00\xb5\x06U$C\x8b')
Beacon sent.
2.4712483882904053
./OPV/44_00:40:19.23.csv
2.155716896057129
./OPV/45_00:40:21.51.csv
2.1425435543060303
./OPV/46_00:40:23.77.csv
2.094343423843384
./OPV/47_00:40:26.00.csv
2.1591672897338867
./OPV/48_00:40:28.28.csv
this is telem data: bytearray(b'\xab\xcd"\x01\x00\x13\x03\x9c\x00O\xfajN\x8b\x15\x08\x12\x00\x00@\x04\x1c\x00M\x01\x06\x00\xfa\x01\x16\x00?\x04\x1d\x00\x92\x0b7\r\xa5\n*\x08\xba&\x00\x00\x00\x00\x00\x00\x00\x00\x00\x00\x00\x00\x00\x00\x00\x00\x00\x00\x00\x00\x00\x00\x00\x00\x00\x00\x00\x00\x00\x00\x00\x00\x00\x00\x00\x00\x00\x00\x00\x00\x00\x00\x00\x00\x00\x00\x00\x00\x00\x00\x00\x00o\x08\xd1\x02\x1c\x02\x00\x00\x00\xbco\xc5f\x01\x00\x00\x00\x00\x00\x00\x00\x08\x00\xd0\x06\x00\x00i\x15\x00\x00\xae\xef\xff\xff-\x00\x00\x00Y\xff\xff\xff\x18\x00\x00\x00\x00\x00\x00\x00\x00\x00\x9c\x17J \x93?')
Beacon sent.
2.3026957511901855
./OPV/49_00:40:30.70.csv
2.1232047080993652
./OPV/50_00:40:32.94.csv
2.139922618865967
./OPV/51_00:40:35.21.csv
2.118490695953369
./OPV/52_00:40:37.45.csv
this is telem data: bytearray(b'\xab\xcd"\x01\x00\x13\x03\x9c\x00O\xfauN\x8b\x15\x08\x12\x00\x00>\x04\x1c\x00L\x01\x06\x00\xfb\x01\x16\x00>\x04\x1d\x00\x88\x0bA\r\xa5\n)\x08\xba&\x00\x00\x00\x00\x00\x00\x00\x00\x00\x00\x00\x00\x00\x00\x00\x00\x00\x00\x00\x00\x00\x00\x00\x00\x00\x00\x00\x00\x00\x00\x00\x00\x00\x00\x00\x00\x00\x00\x00\x00\x00\x00\x00\x00\x00\x00\x00\x00\x00\x00\x00\x00F\x08\xe0\x025\x02\x00\x00\x00\xc6o\xc5f\x01\x00\x00\x00\x00\x00\x00\x00\x08\x00\xc6\x06\x00\x00m\x15\x00\x00\xc2\xef\xff\xff\x15\x00\x00\x00J\xff\xff\xff\x15\x00\x00\x00\x00\x00\x00\x00\x00\x00\x90f\xcfyIS')
Beacon sent.
2.2547576427459717
./OPV/53_00:40:39.83.csv
2.1448514461517334
./OPV/54_00:40:42.09.csv
2.1432981491088867
./OPV/55_00:40:44.36.csv
2.1231253147125244
./OPV/56_00:40:46.60.csv
2.1179745197296143
this is telem data: bytearray(b'\xab\xcd"\x01\x00\x13\x03\x9c\x00O\xfa7N\x8b\x15\x08\x12\x00\x00>\x04\x1e\x00L\x01\x07\x00\xfb\x01\x17\x00?\x04\x1d\x00\x97\x0b7\r\xa5\n)\x08\xba&\x00\x00\x00\x00\x00\x00\x00\x00\x00\x00\x00\x00\x00\x00\x00\x00\x00\x00\x00\x00\x00\x00\x00\x00\x00\x00\x00\x00\x00\x00\x00\x00\x00\x00\x00\x00\x00\x00\x00\x00\x00\x00\x00\x00\x00\x00\x00\x00\x00\x00\x00\x00E\x08\xc3\x02\xe8\x01\x00\x00\x00\xd0o\xc5f\x01\x00\x00\x00\x00\x00\x00\x00\x08\x00\xc9\x06\x00\x00i\x15\x00\x00\xb2\xef\xff\xff\x15\x00\x00\x00_\xff\xff\xff\'\x00\x00\x00\x00\x00\x00\x00\x00\x00\x11\xba0\xb8d\x8d')
./OPV/57_00:40:48.85.csv
Beacon sent.
2.211108684539795
./OPV/58_00:40:51.19.csv
2.143498420715332
./OPV/59_00:40:53.45.csv
2.1275761127471924
./OPV/60_00:40:55.70.csv
2.176891565322876
./OPV/61_00:40:58.00.csv
this is telem data: bytearray(b'\xab\xcd"\x01\x00\x13\x03\x9c\x00O\xfaCN\x8b\x15s\x12\x00\x00>\x04 \x00L\x01\x06\x00\xfc\x01\x17\x00?\x04 \x00\x8d\x0bQ\r\xa5\n*\x08\xba&\x00\x00\x00\x00\x00\x00\x00\x00\x00\x00\x00\x00\x00\x00\x00\x00\x00\x00\x00\x00\x00\x00\x00\x00\x00\x00\x00\x00\x00\x00\x00\x00\x00\x00\x00\x00\x00\x00\x00\x00\x00\x00\x00\x00\x00\x00\x00\x00\x00\x00\x00\x00\x80\x08\x15\x03=\x02\x00\x00\x00\xdao\xc5f\x01\x00\x00\x00\x00\x00\x00\x00\x08\x00\xc9\x06\x00\x00m\x15\x00\x00\xb6\xef\xff\xff$\x00\x00\x00k\xff\xff\xff\x18\x00\x00\x00\x00\x00\x00\x00\x00\x00\x9fUU(br')
Beacon sent.
2.295163869857788
./OPV/62_00:41:00.42.csv
2.133887529373169
./OPV/63_00:41:02.67.csv
2.170217514038086
./OPV/64_00:41:04.96.csv
2.3463666439056396
./OPV/65_00:41:07.43.csv
this is telem data: bytearray(b'\xab\xcd"\x01\x00\x13\x03\x9c\x00O\xfa#N\x8b\x15\x08\x12\x00\x00@\x04\x1e\x00L\x01\x07\x00\xfc\x01\x16\x00?\x04\x1f\x00\xa2\x0bV\r\xa5\n*\x08\xba&\x00\x00\x00\x00\x00\x00\x00\x00\x00\x00\x00\x00\x00\x00\x00\x00\x00\x00\x00\x00\x00\x00\x00\x00\x00\x00\x00\x00\x00\x00\x00\x00\x00\x00\x00\x00\x00\x00\x00\x00\x00\x00\x00\x00\x00\x00\x00\x00\x00\x00\x00\x00*\t\xb1\x02\x1c\x02\x00\x00\x00\xe4o\xc5f\x01\x00\x00\x00\x00\x00\x00\x00\x08\x00\xcd\x06\x00\x00h\x15\x00\x00\xac\xef\xff\xff\x15\x00\x00\x00M\xff\xff\xff\t\x00\x00\x00\x00\x00\x00\x00\x00\x00\x15\x06\xc1\x99\x82=')
Beacon sent.
2.322889566421509
./OPV/66_00:41:09.88.csv
2.1078288555145264
./OPV/67_00:41:12.10.csv
2.1431849002838135
./OPV/68_00:41:14.37.csv
Traceback (most recent call last):
  File "/home/logger/flight_logging/watchdog_server.py", line 420, in <module>
    main()
  File "/home/logger/flight_logging/watchdog_server.py", line 415, in main
    watchdog.start_monitoring()
  File "/home/logger/flight_logging/watchdog_server.py", line 398, in start_monitoring
    self.monitor()
  File "/home/logger/flight_logging/watchdog_server.py", line 353, in monitor
    time.sleep(60)  # Adjust the sleep duration as needed
KeyboardInterrupt
Exception ignored in: <module 'threading' from '/usr/lib/python3.9/threading.py'>
Traceback (most recent call last):
  File "/usr/lib/python3.9/threading.py", line 1428, in _shutdown
    lock.acquire()
KeyboardInterrupt: 
