INFO:WatchdogLogger:Started Status thread with ID 547720544704
INFO:WatchdogLogger:Started Beacon_Transmitter thread with ID 547712152000
./OPV/115_00:55:28.85.csv
this is telem data: bytearray(b'\xab\xcd"\x01\x00\x13\x03\x11\x00\xc3\xe3\xff\xffS\xe6\xc9\xfa')
Beacon sent.
2.1896090507507324
./OPV/116_00:55:31.17.csv
2.3686141967773438
./OPV/117_00:55:33.67.csv
2.139378309249878
./OPV/118_00:55:35.93.csv
2.066420793533325
./OPV/119_00:55:38.12.csv
this is telem data: bytearray(b'\xab\xcd"\x01\x00\x13\x03\x9c\x00O\xfa\x86O\x8a\x15\xc5\x10\x00\x00>\x04 \x00L\x01\x06\x00\xfc\x01\x1b\x00>\x04 \x00\x82\x0b\'\r\x92\n&\x08\xbb&\x00\x00\x00\x00\x00\x00\x00\x00\x00\x00\x00\x00\x00\x00\x00\x00\x00\x00\x00\x00\x00\x00\x00\x00\x00\x00\x00\x00\x00\x00\x00\x00\x00\x00\x00\x00\x00\x00\x00\x00\x00\x00\x00\x00\x00\x00\x00\x00\x00\x00\x00\x00\x12\x08\xdd\x02+\x02\x00\x00\x00Js\xc5f\x00\x00\x00\x00\x00\x00\x00\x00\x00\x00\\\x03\x00\x00\xfd\x15\x00\x00\x86\xef\xff\xff\x1b\x00\x00\x00\\\xff\xff\xff3\x00\x00\x00\x00\x00\x00\x00\x00\x00\x8f\xa4,`\x82z')
Beacon sent.
2.2584497928619385
./OPV/120_00:55:40.50.csv
2.135935068130493
./OPV/121_00:55:42.76.csv
2.070098400115967
./OPV/122_00:55:44.96.csv
2.180401563644409
./OPV/123_00:55:47.26.csv
this is telem data: bytearray(b'\xab\xcd"\x01\x00\x13\x03\x9c\x00O\xfa\xa0O\x8a\x15\xfb\x10\x00\x00?\x04\x1c\x00M\x01\x06\x00\xfb\x01\x15\x00@\x04\x1c\x00}\x0b2\r\x92\n&\x08\xbb&\x00\x00\x00\x00\x00\x00\x00\x00\x00\x00\x00\x00\x00\x00\x00\x00\x00\x00\x00\x00\x00\x00\x00\x00\x00\x00\x00\x00\x00\x00\x00\x00\x00\x00\x00\x00\x00\x00\x00\x00\x00\x00\x00\x00\x00\x00\x00\x00\x00\x00\x00\x00\x84\x08\xcb\x02$\x02\x00\x00\x00Ts\xc5f\x00\x00\x00\x00\x00\x00\x00\x00\x00\x00d\x03\x00\x00\xfa\x15\x00\x00\x98\xef\xff\xff$\x00\x00\x00e\xff\xff\xff\x15\x00\x00\x00\x00\x00\x00\x00\x00\x00Ie\x8e\x92\xe1\xbb')
Beacon sent.
2.271754741668701
./OPV/124_00:55:49.66.csv
2.0819263458251953
./OPV/125_00:55:51.86.csv
2.1623806953430176
./OPV/126_00:55:54.15.csv
2.1013593673706055
./OPV/127_00:55:56.37.csv
2.0756890773773193
./OPV/128_00:55:58.58.csv
this is telem data: bytearray(b'\xab\xcd"\x01\x00\x13\x03\x9c\x00O\xfa\xaeO\x8a\x15\xfb\x10\x00\x00?\x04\x1d\x00L\x01\x07\x00\xfb\x01\x18\x00>\x04\x1e\x00\x88\x0b7\r\x92\n&\x08\xbb&\x00\x00\x00\x00\x00\x00\x00\x00\x00\x00\x00\x00\x00\x00\x00\x00\x00\x00\x00\x00\x00\x00\x00\x00\x00\x00\x00\x00\x00\x00\x00\x00\x00\x00\x00\x00\x00\x00\x00\x00\x00\x00\x00\x00\x00\x00\x00\x00\x00\x00\x00\x00\x1b\x08\xa6\x02\x18\x02\x00\x00\x00^s\xc5f\x00\x00\x00\x00\x00\x00\x00\x00\x00\x00e\x03\x00\x00\xf2\x15\x00\x00\x8f\xef\xff\xff\x03\x00\x00\x00S\xff\xff\xff\x12\x00\x00\x00\x00\x00\x00\x00\x00\x00\x94eC\x86\x85\xb2')
Beacon sent.
2.30326509475708
./OPV/129_00:56:01.00.csv
2.117091655731201
./OPV/130_00:56:03.25.csv
2.072584867477417
./OPV/131_00:56:05.44.csv
2.1134281158447266
./OPV/132_00:56:07.68.csv
this is telem data: bytearray(b'\xab\xcd"\x01\x00\x13\x03\x9c\x00O\xfa\xd0O\x8a\x15\xfb\x10\x00\x00@\x04\x1c\x00L\x01\x06\x00\xfb\x01\x15\x00>\x04\x1b\x00}\x0bA\r\x92\n&\x08\xbb&\x00\x00\x00\x00\x00\x00\x00\x00\x00\x00\x00\x00\x00\x00\x00\x00\x00\x00\x00\x00\x00\x00\x00\x00\x00\x00\x00\x00\x00\x00\x00\x00\x00\x00\x00\x00\x00\x00\x00\x00\x00\x00\x00\x00\x00\x00\x00\x00\x00\x00\x00\x00A\x08\x98\x02\xf8\x01\x00\x00\x00hs\xc5f\x00\x00\x00\x00\x00\x00\x00\x00\x00\x00i\x03\x00\x00\xf9\x15\x00\x00\x87\xef\xff\xff-\x00\x00\x00V\xff\xff\xff\x1e\x00\x00\x00\x00\x00\x00\x00\x00\x00\xec\xe3\x9eh\xc0\xaa')
Beacon sent.
2.2958953380584717
./OPV/133_00:56:10.10.csv
2.089876413345337
./OPV/134_00:56:12.32.csv
2.086977481842041
./OPV/135_00:56:14.53.csv
2.141052722930908
./OPV/136_00:56:16.80.csv
2.0885493755340576
this is telem data: bytearray(b'\xab\xcd"\x01\x00\x13\x03\x9c\x00O\xfa\xe0O\x8a\x15f\x11\x00\x00?\x04\x1e\x00L\x01\x06\x00\xfa\x01\x15\x00@\x04\x1d\x00\x92\x0b\'\r\x98\n\'\x08\xbb&\x00\x00\x00\x00\x00\x00\x00\x00\x00\x00\x00\x00\x00\x00\x00\x00\x00\x00\x00\x00\x00\x00\x00\x00\x00\x00\x00\x00\x00\x00\x00\x00\x00\x00\x00\x00\x00\x00\x00\x00\x00\x00\x00\x00\x00\x00\x00\x00\x00\x00\x00\x00(\x08\xa4\x02\xf4\x01\x00\x00\x00rs\xc5f\x00\x00\x00\x00\x00\x00\x00\x00\x00\x00h\x03\x00\x00\xee\x15\x00\x00\x8f\xef\xff\xff!\x00\x00\x00\\\xff\xff\xff\x0f\x00\x00\x00\x00\x00\x00\x00\x00\x00N\x9d\xdc\x97\x0c\x8d')
./OPV/137_00:56:19.02.csv
Beacon sent.
2.4418561458587646
./OPV/138_00:56:21.58.csv
2.118140459060669
./OPV/139_00:56:23.83.csv
2.1291770935058594
./OPV/140_00:56:26.08.csv
2.105365753173828
./OPV/141_00:56:28.31.csv
this is telem data: bytearray(b'\xab\xcd"\x01\x00\x13\x03\x9c\x00O\xfa\xf2O\x8a\x15f\x11\x00\x00?\x04 \x00L\x01\x06\x00\xfb\x01\x1a\x00>\x04\x1f\x00\x8d\x0b<\r\x98\n\'\x08\xbb&\x00\x00\x00\x00\x00\x00\x00\x00\x00\x00\x00\x00\x00\x00\x00\x00\x00\x00\x00\x00\x00\x00\x00\x00\x00\x00\x00\x00\x00\x00\x00\x00\x00\x00\x00\x00\x00\x00\x00\x00\x00\x00\x00\x00\x00\x00\x00\x00\x00\x00\x00\x009\x08\xdc\x02\x1c\x02\x00\x00\x00|s\xc5f\x00\x00\x00\x00\x00\x00\x00\x00\x00\x00n\x03\x00\x00\xfc\x15\x00\x00\x8c\xef\xff\xff\x0c\x00\x00\x00k\xff\xff\xff\x15\x00\x00\x00\x00\x00\x00\x00\x00\x00\x05\xeb7I\xbbu')
Beacon sent.
2.2495267391204834
./OPV/142_00:56:30.69.csv
2.1278367042541504
./OPV/143_00:56:32.94.csv
2.0994038581848145
./OPV/144_00:56:35.16.csv
2.1270084381103516
./OPV/145_00:56:37.42.csv
this is telem data: bytearray(b'\xab\xcd"\x01\x00\x13\x03\x9c\x00O\xfa\x10P\x8a\x15f\x11\x00\x00>\x04\x1b\x00L\x01\x06\x00\xfb\x01\x17\x00>\x04\x1c\x00\x88\x0bV\r\x98\n\'\x08\xbb&\x00\x00\x00\x00\x00\x00\x00\x00\x00\x00\x00\x00\x00\x00\x00\x00\x00\x00\x00\x00\x00\x00\x00\x00\x00\x00\x00\x00\x00\x00\x00\x00\x00\x00\x00\x00\x00\x00\x00\x00\x00\x00\x00\x00\x00\x00\x00\x00\x00\x00\x00\x00O\x08{\x02\xfe\x01\x00\x00\x00\x86s\xc5f\x00\x00\x00\x00\x00\x00\x00\x00\x00\x00d\x03\x00\x00\xfc\x15\x00\x00\x9e\xef\xff\xff\x15\x00\x00\x00\\\xff\xff\xff!\x00\x00\x00\x00\x00\x00\x00\x00\x00\xda}\xf5\xb9\xbc\x03')
Beacon sent.
2.2565555572509766
./OPV/146_00:56:39.80.csv
2.046159505844116
./OPV/147_00:56:41.97.csv
2.1357529163360596
./OPV/148_00:56:44.23.csv
2.1111390590667725
./OPV/149_00:56:46.46.csv
2.078338146209717
./OPV/150_00:56:48.67.csv
this is telem data: bytearray(b'\xab\xcd"\x01\x00\x13\x03\x9c\x00O\xfa\x1dP\x8a\x15f\x11\x00\x00@\x04\x1b\x00L\x01\x06\x00\xfc\x01\x15\x00>\x04\x1d\x00\x88\x0bA\r\x98\n\'\x08\xbc&\x00\x00\x00\x00\x00\x00\x00\x00\x00\x00\x00\x00\x00\x00\x00\x00\x00\x00\x00\x00\x00\x00\x00\x00\x00\x00\x00\x00\x00\x00\x00\x00\x00\x00\x00\x00\x00\x00\x00\x00\x00\x00\x00\x00\x00\x00\x00\x00\x00\x00\x00\x00\x1e\x08\xce\x02\x19\x02\x00\x00\x00\x90s\xc5f\x00\x00\x00\x00\x00\x00\x00\x00\x00\x00f\x03\x00\x00\xf9\x15\x00\x00\x9e\xef\xff\xff!\x00\x00\x00V\xff\xff\xff-\x00\x00\x00\x00\x00\x00\x00\x00\x00.\xf3\x8f\x81\xd7\xdf')
Beacon sent.
2.2759013175964355
./OPV/151_00:56:51.07.csv
2.1376004219055176
./OPV/152_00:56:53.33.csv
2.081483840942383
./OPV/153_00:56:55.54.csv
2.1168296337127686
./OPV/154_00:56:57.78.csv
this is telem data: bytearray(b'\xab\xcd"\x01\x00\x13\x03\x9c\x00O\xfa7P\x8a\x15\x9c\x11\x00\x00?\x04 \x00L\x01\x06\x00\xfa\x01\x17\x00?\x04\x1d\x00\x97\x0bG\r\x98\n&\x08\xbb&\x00\x00\x00\x00\x00\x00\x00\x00\x00\x00\x00\x00\x00\x00\x00\x00\x00\x00\x00\x00\x00\x00\x00\x00\x00\x00\x00\x00\x00\x00\x00\x00\x00\x00\x00\x00\x00\x00\x00\x00\x00\x00\x00\x00\x00\x00\x00\x00\x00\x00\x00\x00D\x08\x89\x02\xfc\x01\x00\x00\x00\x9as\xc5f\x00\x00\x00\x00\x00\x00\x00\x00\x00\x00j\x03\x00\x00\x0c\x16\x00\x00\x9c\xef\xff\xff\x18\x00\x00\x00V\xff\xff\xff*\x00\x00\x00\x00\x00\x00\x00\x00\x00m}\xea\xd8\xdf\xf0')
Beacon sent.
2.2571308612823486
./OPV/155_00:57:00.17.csv
2.0814666748046875
./OPV/156_00:57:02.37.csv
2.1027820110321045
./OPV/157_00:57:04.60.csv
2.176302194595337
./OPV/158_00:57:06.91.csv
this is telem data: bytearray(b'\xab\xcd"\x01\x00\x13\x03\x9c\x00O\xfa?P\x8a\x15\x9c\x11\x00\x00?\x04\x1d\x00L\x01\x06\x00\xfb\x01\x16\x00>\x04\x1c\x00\x92\x0b7\r\x98\n&\x08\xbb&\x00\x00\x00\x00\x00\x00\x00\x00\x00\x00\x00\x00\x00\x00\x00\x00\x00\x00\x00\x00\x00\x00\x00\x00\x00\x00\x00\x00\x00\x00\x00\x00\x00\x00\x00\x00\x00\x00\x00\x00\x00\x00\x00\x00\x00\x00\x00\x00\x00\x00\x00\x00\x80\x08\x9c\x02\xfc\x01\x00\x00\x00\xa4s\xc5f\x00\x00\x00\x00\x00\x00\x00\x00\x00\x00h\x03\x00\x00\xf9\x15\x00\x00\x92\xef\xff\xff\x1e\x00\x00\x00V\xff\xff\xff\x1b\x00\x00\x00\x00\x00\x00\x00\x00\x00\x8c\xdeBp\x9d\x9f')
Beacon sent.
2.453871011734009
./OPV/159_00:57:09.48.csv
2.0984530448913574
./OPV/160_00:57:11.71.csv
2.14327073097229
./OPV/161_00:57:13.98.csv
2.0952460765838623
./OPV/162_00:57:16.21.csv
2.1016416549682617
./OPV/163_00:57:18.43.csv
this is telem data: bytearray(b'\xab\xcd"\x01\x00\x13\x03\x9c\x00O\xfa5P\x8a\x15\x9c\x11\x00\x00@\x04\x1a\x00L\x01\x06\x00\xfb\x01\x17\x00@\x04\x1c\x00c\x0b7\r\x9e\n%\x08\xbb&\x00\x00\x00\x00\x00\x00\x00\x00\x00\x00\x00\x00\x00\x00\x00\x00\x00\x00\x00\x00\x00\x00\x00\x00\x00\x00\x00\x00\x00\x00\x00\x00\x00\x00\x00\x00\x00\x00\x00\x00\x00\x00\x00\x00\x00\x00\x00\x00\x00\x00\x00\x005\x08\xae\x02\x1c\x02\x00\x00\x00\xafs\xc5f\x00\x00\x00\x00\x00\x00\x00\x00\x00\x00f\x03\x00\x00\xfd\x15\x00\x00\x98\xef\xff\xff\x15\x00\x00\x00z\xff\xff\xff\x1e\x00\x00\x00\x00\x00\x00\x00\x00\x00q\x04\x14\x15\xf4\x99')
Beacon sent.
2.268019676208496
./OPV/164_00:57:20.83.csv
2.119591474533081
./OPV/165_00:57:23.07.csv
2.100217342376709
./OPV/166_00:57:25.30.csv
2.1370346546173096
./OPV/167_00:57:27.56.csv
this is telem data: bytearray(b'\xab\xcd"\x01\x00\x13\x03\x9c\x00O\xfa0P\x8a\x15\xd2\x11\x00\x00?\x04\x1c\x00L\x01\x06\x00\xfd\x01\x19\x00@\x04\x1c\x00\x97\x0bA\r\x9e\n%\x08\xbc&\x00\x00\x00\x00\x00\x00\x00\x00\x00\x00\x00\x00\x00\x00\x00\x00\x00\x00\x00\x00\x00\x00\x00\x00\x00\x00\x00\x00\x00\x00\x00\x00\x00\x00\x00\x00\x00\x00\x00\x00\x00\x00\x00\x00\x00\x00\x00\x00\x00\x00\x00\x00Y\x08|\x02\xf2\x01\x00\x00\x00\xb9s\xc5f\x00\x00\x00\x00\x00\x00\x00\x00\x00\x00Q\x03\x00\x00\xf8\x15\x00\x00\x88\xef\xff\xff\x12\x00\x00\x00n\xff\xff\xff\x18\x00\x00\x00\x00\x00\x00\x00\x00\x00yD\x16\xf3\x08\x7f')
Beacon sent.
2.2808072566986084
./OPV/168_00:57:29.97.csv
2.096684694290161
./OPV/169_00:57:32.20.csv
2.105062246322632
./OPV/170_00:57:34.43.csv
2.1066009998321533
./OPV/171_00:57:36.66.csv
2.061551332473755
./OPV/172_00:57:38.85.csv
this is telem data: bytearray(b'\xab\xcd"\x01\x00\x13\x03\x9c\x00O\xfa4P\x8a\x15\xd2\x11\x00\x00?\x04\x1e\x00L\x01\x06\x00\xfa\x01\x15\x00@\x04\x1c\x00\xa2\x0bL\r\x9e\n%\x08\xbc&\x00\x00\x00\x00\x00\x00\x00\x00\x00\x00\x00\x00\x00\x00\x00\x00\x00\x00\x00\x00\x00\x00\x00\x00\x00\x00\x00\x00\x00\x00\x00\x00\x00\x00\x00\x00\x00\x00\x00\x00\x00\x00\x00\x00\x00\x00\x00\x00\x00\x00\x00\x00\r\x08\x9c\x02\x0c\x02\x00\x00\x00\xc3s\xc5f\x00\x00\x00\x00\x00\x00\x00\x00\x00\x00f\x03\x00\x00\x05\x16\x00\x00\x88\xef\xff\xff\x0f\x00\x00\x00h\xff\xff\xff-\x00\x00\x00\x00\x00\x00\x00\x00\x00\xb4X\xce5*\xeb')
Beacon sent.
2.3336260318756104
./OPV/173_00:57:41.32.csv
2.11157488822937
./OPV/174_00:57:43.55.csv
2.0519042015075684
./OPV/175_00:57:45.73.csv
2.212117910385132
./OPV/176_00:57:48.07.csv
this is telem data: bytearray(b'\xab\xcd"\x01\x00\x13\x03\x9c\x00O\xfaIP\x8a\x15\x9c\x11\x00\x00>\x04!\x00M\x01\x06\x00\xfa\x01\x19\x00>\x04 \x00s\x0bA\r\x9e\n%\x08\xbc&\x00\x00\x00\x00\x00\x00\x00\x00\x00\x00\x00\x00\x00\x00\x00\x00\x00\x00\x00\x00\x00\x00\x00\x00\x00\x00\x00\x00\x00\x00\x00\x00\x00\x00\x00\x00\x00\x00\x00\x00\x00\x00\x00\x00\x00\x00\x00\x00\x00\x00\x00\x00\xa4\x08\xb2\x02\xf3\x01\x00\x00\x00\xcds\xc5f\x00\x00\x00\x00\x00\x00\x00\x00\x00\x00l\x03\x00\x00\xf8\x15\x00\x00\x8f\xef\xff\xff\t\x00\x00\x00\\\xff\xff\xff$\x00\x00\x00\x00\x00\x00\x00\x00\x00\xe5\xb2\xeb\xbc\x17\xed')
Beacon sent.
2.2729392051696777
./OPV/177_00:57:50.46.csv
2.0677900314331055
./OPV/178_00:57:52.66.csv
2.2203617095947266
./OPV/179_00:57:55.01.csv
2.3392493724823
./OPV/180_00:57:57.47.csv
this is telem data: bytearray(b'\xab\xcd"\x01\x00\x13\x03\x9c\x00O\xfaTP\x8a\x15\x08\x12\x00\x00@\x04\x1d\x00L\x01\x06\x00\xfb\x01\x16\x00>\x04\x1e\x00\x82\x0b7\r\xa5\n&\x08\xbc&\x00\x00\x00\x00\x00\x00\x00\x00\x00\x00\x00\x00\x00\x00\x00\x00\x00\x00\x00\x00\x00\x00\x00\x00\x00\x00\x00\x00\x00\x00\x00\x00\x00\x00\x00\x00\x00\x00\x00\x00\x00\x00\x00\x00\x00\x00\x00\x00\x00\x00\x00\x00#\t\x94\x02\xd2\x01\x00\x00\x00\xd7s\xc5f\x00\x00\x00\x00\x00\x00\x00\x00\x00\x00]\x03\x00\x00\xfd\x15\x00\x00\x80\xef\xff\xff\x0f\x00\x00\x00_\xff\xff\xff\x1b\x00\x00\x00\x00\x00\x00\x00\x00\x00\x94\xc8\x17<v\x01')
Beacon sent.
2.2141647338867188
./OPV/181_00:57:59.81.csv
2.17297101020813
./OPV/182_00:58:02.11.csv
2.107773780822754
./OPV/183_00:58:04.35.csv
2.0571796894073486
./OPV/184_00:58:06.53.csv
2.1436753273010254
./OPV/185_00:58:08.80.csv
this is telem data: bytearray(b'\xab\xcd"\x01\x00\x13\x03\x9c\x00O\xfaPP\x8a\x15\x08\x12\x00\x00@\x04\x1c\x00L\x01\x05\x00\xfb\x01\x16\x00>\x04\x1b\x00\x92\x0b7\r\xa5\n\'\x08\xbc&\x00\x00\x00\x00\x00\x00\x00\x00\x00\x00\x00\x00\x00\x00\x00\x00\x00\x00\x00\x00\x00\x00\x00\x00\x00\x00\x00\x00\x00\x00\x00\x00\x00\x00\x00\x00\x00\x00\x00\x00\x00\x00\x00\x00\x00\x00\x00\x00\x00\x00\x00\x00_\x08\x90\x02\xd7\x01\x00\x00\x00\xe1s\xc5f\x00\x00\x00\x00\x00\x00\x00\x00\x00\x00e\x03\x00\x00\xf8\x15\x00\x00\x84\xef\xff\xff\x15\x00\x00\x007\xff\xff\xff\'\x00\x00\x00\x00\x00\x00\x00\x00\x00\xd3\x80\xba!\x17@')
Beacon sent.
2.2656896114349365
./OPV/186_00:58:11.20.csv
2.0983023643493652
./OPV/187_00:58:13.42.csv
2.1061344146728516
./OPV/188_00:58:15.66.csv
2.0984535217285156
./OPV/189_00:58:17.89.csv
this is telem data: bytearray(b'\xab\xcd"\x01\x00\x13\x03\x9c\x00O\xfa\\P\x8a\x15\x08\x12\x00\x00?\x04\x1c\x00L\x01\x06\x00\xfb\x01\x15\x00@\x04\x1b\x00\xb1\x0b<\r\xa5\n(\x08\xbc&\x00\x00\x00\x00\x00\x00\x00\x00\x00\x00\x00\x00\x00\x00\x00\x00\x00\x00\x00\x00\x00\x00\x00\x00\x00\x00\x00\x00\x00\x00\x00\x00\x00\x00\x00\x00\x00\x00\x00\x00\x00\x00\x00\x00\x00\x00\x00\x00\x00\x00\x00\x002\x08\xc1\x02\xe2\x01\x00\x00\x00\xebs\xc5f\x00\x00\x00\x00\x00\x00\x00\x00\x00\x00}\x03\x00\x00\xf6\x15\x00\x00\x97\xef\xff\xff\x18\x00\x00\x00b\xff\xff\xff3\x00\x00\x00\x00\x00\x00\x00\x00\x00\x82\xb01\xb8\x8b\xab')
Beacon sent.
2.2351276874542236
./OPV/190_00:58:20.25.csv
2.105933427810669
./OPV/191_00:58:22.48.csv
2.133039951324463
./OPV/192_00:58:24.74.csv
2.09527325630188
./OPV/193_00:58:26.96.csv
this is telem data: bytearray(b'\xab\xcd"\x01\x00\x13\x03\x9c\x00O\xfabP\x8a\x15\xd2\x11\x00\x00@\x04\x1c\x00L\x01\x06\x00\xfb\x01\x19\x00>\x04\x1c\x00\xa2\x0bL\r\xa5\n(\x08\xbc&\x00\x00\x00\x00\x00\x00\x00\x00\x00\x00\x00\x00\x00\x00\x00\x00\x00\x00\x00\x00\x00\x00\x00\x00\x00\x00\x00\x00\x00\x00\x00\x00\x00\x00\x00\x00\x00\x00\x00\x00\x00\x00\x00\x00\x00\x00\x00\x00\x00\x00\x00\x00/\x08\xdf\x02\x08\x02\x00\x00\x00\xf5s\xc5f\x00\x00\x00\x00\x00\x00\x00\x00\x00\x00j\x03\x00\x00\xfa\x15\x00\x00\x8f\xef\xff\xff\x15\x00\x00\x00b\xff\xff\xff\x1b\x00\x00\x00\x00\x00\x00\x00\x00\x00p^\xd4v\x12Q')
2.1141419410705566
./OPV/194_00:58:29.23.csv
Beacon sent.
2.1816225051879883
./OPV/195_00:58:31.54.csv
2.1039347648620605
./OPV/196_00:58:33.78.csv
2.0532352924346924
./OPV/197_00:58:35.96.csv
2.100022077560425
./OPV/198_00:58:38.20.csv
this is telem data: bytearray(b'\xab\xcd"\x01\x00\x13\x03\x9c\x00O\xfaxP\x8a\x15\xd2\x11\x00\x00>\x04\x1f\x00L\x01\x07\x00\xfb\x01\x17\x00?\x04\x1e\x00\x8d\x0b<\r\xa5\n)\x08\xbc&\x00\x00\x00\x00\x00\x00\x00\x00\x00\x00\x00\x00\x00\x00\x00\x00\x00\x00\x00\x00\x00\x00\x00\x00\x00\x00\x00\x00\x00\x00\x00\x00\x00\x00\x00\x00\x00\x00\x00\x00\x00\x00\x00\x00\x00\x00\x00\x00\x00\x00\x00\x004\x08\xce\x02$\x02\x00\x00\x00\xffs\xc5f\x00\x00\x00\x00\x00\x00\x00\x00\x00\x00b\x03\x00\x00\xf6\x15\x00\x00\x8c\xef\xff\xff\x15\x00\x00\x00\\\xff\xff\xff\x1b\x00\x00\x00\x00\x00\x00\x00\x00\x00js\x17-\xe3\x92')
Beacon sent.
2.311339855194092
./OPV/199_00:58:40.64.csv
2.064107656478882
./OPV/200_00:58:42.83.csv
2.3912699222564697
./OPV/201_00:58:45.35.csv
2.096175193786621
./OPV/202_00:58:47.58.csv
this is telem data: bytearray(b'\xab\xcd"\x01\x00\x13\x03\x9c\x00O\xfa~P\x8a\x15\x08\x12\x00\x00>\x04\x1c\x00M\x01\x06\x00\xfc\x01\x18\x00?\x04\x1f\x00\x88\x0b`\r\xab\n)\x08\xbc&\x00\x00\x00\x00\x00\x00\x00\x00\x00\x00\x00\x00\x00\x00\x00\x00\x00\x00\x00\x00\x00\x00\x00\x00\x00\x00\x00\x00\x00\x00\x00\x00\x00\x00\x00\x00\x00\x00\x00\x00\x00\x00\x00\x00\x00\x00\x00\x00\x00\x00\x00\x000\x08\xbc\x02\x11\x02\x00\x00\x00\tt\xc5f\x00\x00\x00\x00\x00\x00\x00\x00\x00\x00h\x03\x00\x00\xf9\x15\x00\x00\x92\xef\xff\xff\x1e\x00\x00\x00M\xff\xff\xff\x1e\x00\x00\x00\x00\x00\x00\x00\x00\x00\xb8\x9e\xc2\xcb\xc3L')
Beacon sent.
2.26773738861084
./OPV/203_00:58:49.98.csv
2.106281280517578
./OPV/204_00:58:52.21.csv
2.109980583190918
./OPV/205_00:58:54.44.csv
2.049180269241333
./OPV/206_00:58:56.62.csv
2.1586804389953613
./OPV/207_00:58:58.91.csv
this is telem data: bytearray(b'\xab\xcd"\x01\x00\x13\x03\x9c\x00O\xfa\x8bP\x8a\x15\x08\x12\x00\x00@\x04 \x00L\x01\x07\x00\xfb\x01\x16\x00>\x04!\x00\xb1\x0bG\r\xab\n(\x08\xbc&\x00\x00\x00\x00\x00\x00\x00\x00\x00\x00\x00\x00\x00\x00\x00\x00\x00\x00\x00\x00\x00\x00\x00\x00\x00\x00\x00\x00\x00\x00\x00\x00\x00\x00\x00\x00\x00\x00\x00\x00\x00\x00\x00\x00\x00\x00\x00\x00\x00\x00\x00\x00n\x08i\x01_\x00\x00\x00\x00\x13t\xc5f\x00\x00\x00\x00\x00\x00\x00\x00\x00\x00X\x03\x00\x00B\x16\x00\x00\x8b\xef\xff\xff\xeb\xff\xff\xff4\xff\xff\xff-\x00\x00\x00\x00\x00\x00\x00\x00\x00\x0f\xd1[n\xd2[')
Beacon sent.
2.250368118286133
./OPV/208_00:59:01.29.csv
2.047445297241211
./OPV/209_00:59:03.47.csv
2.1800878047943115
./OPV/210_00:59:05.78.csv
2.1104209423065186
./OPV/211_00:59:08.02.csv
this is telem data: bytearray(b'\xab\xcd"\x01\x00\x13\x03\x9c\x00O\xfa\x8cP\x8a\x15\x08\x12\x00\x00?\x04\x1c\x00M\x01\x07\x00\xfb\x01\x15\x00>\x04\x1f\x00\xa2\x0bL\r\xab\n(\x08\xbc&\x00\x00\x00\x00\x00\x00\x00\x00\x00\x00\x00\x00\x00\x00\x00\x00\x00\x00\x00\x00\x00\x00\x00\x00\x00\x00\x00\x00\x00\x00\x00\x00\x00\x00\x00\x00\x00\x00\x00\x00\x00\x00\x00\x00\x00\x00\x00\x00\x00\x00\x00\x00>\x08\xeb\x00 \x00\x00\x00\x00\x1dt\xc5f\x01\x00\x00\x00\x00\x00\x00\x00\x13\x004\x03\x00\x008\x16\x00\x00\x8b\xef\xff\xff\x15\x00\x00\x00=\xff\xff\xff\x00\x00\x00\x00\x00\x00\x00\x00\x00\x00\x06\xbd\xf6h\x17K')
Beacon sent.
2.227247953414917
./OPV/212_00:59:10.37.csv
2.143873453140259
./OPV/213_00:59:12.65.csv
2.177140474319458
./OPV/214_00:59:14.96.csv
2.068988084793091
./OPV/215_00:59:17.15.csv
this is telem data: bytearray(b'\xab\xcd"\x01\x00\x13\x03\x9c\x00O\xfavP\x8a\x15s\x12\x00\x00?\x04 \x00L\x01\x06\x00\xfb\x01\x1a\x00?\x04 \x00\xa7\x0b[\r\xb1\n\'\x08\xbc&\x00\x00\x00\x00\x00\x00\x00\x00\x00\x00\x00\x00\x00\x00\x00\x00\x00\x00\x00\x00\x00\x00\x00\x00\x00\x00\x00\x00\x00\x00\x00\x00\x00\x00\x00\x00\x00\x00\x00\x00\x00\x00\x00\x00\x00\x00\x00\x00\x00\x00\x00\x00\x14\x08\xd0\x02\xdf\x01\x00\x00\x00\'t\xc5f\x01\x00\x00\x00\x00\x00\x00\x00\x0b\x00P\x03\x00\x00\x19\x16\x00\x00\x83\xef\xff\xff\x0f\x00\x00\x00b\xff\xff\xff\'\x00\x00\x00\x00\x00\x00\x00\x00\x008E"\xe5\x98-')
Beacon sent.
2.2716903686523438
./OPV/216_00:59:19.55.csv
2.1047863960266113
./OPV/217_00:59:21.79.csv
2.0624265670776367
./OPV/218_00:59:23.98.csv
2.138037919998169
./OPV/219_00:59:26.25.csv
2.0794994831085205
./OPV/220_00:59:28.46.csv
this is telem data: bytearray(b'\xab\xcd"\x01\x00\x13\x03\x9c\x00O\xfa\x85P\x8a\x15=\x12\x00\x00?\x04\x1b\x00L\x01\x06\x00\xfc\x01\x11\x00?\x04\x18\x00\xa2\x0bQ\r\xb1\n\'\x08\xbb&\x00\x00\x00\x00\x00\x00\x00\x00\x00\x00\x00\x00\x00\x00\x00\x00\x00\x00\x00\x00\x00\x00\x00\x00\x00\x00\x00\x00\x00\x00\x00\x00\x00\x00\x00\x00\x00\x00\x00\x00\x00\x00\x00\x00\x00\x00\x00\x00\x00\x00\x00\x00\x1f\x08\xa8\x02\xd5\x01\x00\x00\x001t\xc5f\x01\x00\x00\x00\x00\x00\x00\x00\x0b\x00F\x03\x00\x00)\x16\x00\x00\x8e\xef\xff\xff\t\x00\x00\x00_\xff\xff\xff\x12\x00\x00\x00\x00\x00\x00\x00\x00\x00\xc1\xd8\xf3\xbd\xf3J')
Beacon sent.
2.2689898014068604
./OPV/221_00:59:30.86.csv
2.1195147037506104
./OPV/222_00:59:33.10.csv
2.33372163772583
./OPV/223_00:59:35.57.csv
2.0998687744140625
./OPV/224_00:59:37.80.csv
this is telem data: bytearray(b'\xab\xcd"\x01\x00\x13\x03\x9c\x00O\xfa\x7fP\x89\x15\x08\x12\x00\x00@\x04\x1e\x00L\x01\x06\x00\xfb\x01\x15\x00?\x04\x1c\x00\x97\x0b[\r\xb7\n(\x08\xbc&\x00\x00\x00\x00\x00\x00\x00\x00\x00\x00\x00\x00\x00\x00\x00\x00\x00\x00\x00\x00\x00\x00\x00\x00\x00\x00\x00\x00\x00\x00\x00\x00\x00\x00\x00\x00\x00\x00\x00\x00\x00\x00\x00\x00\x00\x00\x00\x00\x00\x00\x00\x003\x08\x98\x02\xf0\x01\x00\x00\x00;t\xc5f\x01\x00\x00\x00\x00\x00\x00\x00\x0b\x00E\x03\x00\x00!\x16\x00\x00\x8b\xef\xff\xff\x03\x00\x00\x00Y\xff\xff\xff\x1e\x00\x00\x00\x00\x00\x00\x00\x00\x00\xb4\x96.\xd8\x8e\x1b')
Beacon sent.
2.3042166233062744
./OPV/225_00:59:40.24.csv
2.098001480102539
./OPV/226_00:59:42.46.csv
2.1085872650146484
./OPV/227_00:59:44.70.csv
2.0341787338256836
./OPV/228_00:59:46.87.csv
2.109914779663086
./OPV/229_00:59:49.11.csv
this is telem data: bytearray(b'\xab\xcd"\x01\x00\x13\x03\x9c\x00O\xfa|P\x89\x15=\x12\x00\x00@\x04\x1e\x00M\x01\x06\x00\xfb\x01\x15\x00?\x04\x1b\x00\xb7\x0bV\r\xb7\n(\x08\xbc&\x00\x00\x00\x00\x00\x00\x00\x00\x00\x00\x00\x00\x00\x00\x00\x00\x00\x00\x00\x00\x00\x00\x00\x00\x00\x00\x00\x00\x00\x00\x00\x00\x00\x00\x00\x00\x00\x00\x00\x00\x00\x00\x00\x00\x00\x00\x00\x00\x00\x00\x00\x00=\x08\xe3\x02\x10\x02\x00\x00\x00Et\xc5f\x01\x00\x00\x00\x00\x00\x00\x00\x0b\x00M\x03\x00\x00<\x16\x00\x00r\xef\xff\xff\x15\x00\x00\x00e\xff\xff\xff\'\x00\x00\x00\x00\x00\x00\x00\x00\x00\xb2\t\x18j\x93\xe0')
Beacon sent.
2.2787084579467773
./OPV/230_00:59:51.52.csv
2.0539112091064453
./OPV/231_00:59:53.70.csv
2.1903133392333984
./OPV/232_00:59:56.02.csv
2.0827558040618896
./OPV/233_00:59:58.23.csv
this is telem data: bytearray(b'\xab\xcd"\x01\x00\x13\x03\x9c\x00O\xfa\x94P\x89\x15=\x12\x00\x00A\x04\x1c\x00L\x01\x06\x00\xfb\x01\x16\x00>\x04\x1e\x00\xa7\x0b[\r\xb7\n\'\x08\xbc&\x00\x00\x00\x00\x00\x00\x00\x00\x00\x00\x00\x00\x00\x00\x00\x00\x00\x00\x00\x00\x00\x00\x00\x00\x00\x00\x00\x00\x00\x00\x00\x00\x00\x00\x00\x00\x00\x00\x00\x00\x00\x00\x00\x00\x00\x00\x00\x00\x00\x00\x00\x00"\x08\xbc\x02\xf9\x01\x00\x00\x00Ot\xc5f\x01\x00\x00\x00\x00\x00\x00\x00\x0b\x00F\x03\x00\x00<\x16\x00\x00\x8b\xef\xff\xff\x1e\x00\x00\x00V\xff\xff\xff\'\x00\x00\x00\x00\x00\x00\x00\x00\x00|\x1f\xd8\x1b\xba\x9b')
Beacon sent.
2.211836814880371
./OPV/234_01:00:00.58.csv
2.146723508834839
./OPV/235_01:00:02.86.csv
2.112504243850708
./OPV/236_01:00:05.11.csv
2.0716285705566406
./OPV/237_01:00:07.31.csv
this is telem data: bytearray(b'\xab\xcd"\x01\x00\x13\x03\x9c\x00O\xfa\x8dP\x89\x15=\x12\x00\x00>\x04\x1f\x00L\x01\x06\x00\xfc\x01\x17\x00?\x04\x1e\x00\xc1\x0b[\r\xb7\n&\x08\xbc&\x00\x00\x00\x00\x00\x00\x00\x00\x00\x00\x00\x00\x00\x00\x00\x00\x00\x00\x00\x00\x00\x00\x00\x00\x00\x00\x00\x00\x00\x00\x00\x00\x00\x00\x00\x00\x00\x00\x00\x00\x00\x00\x00\x00\x00\x00\x00\x00\x00\x00\x00\x00\x17\x08\xee\x02,\x02\x00\x00\x00Yt\xc5f\x01\x00\x00\x00\x00\x00\x00\x00\x0b\x00I\x03\x00\x00%\x16\x00\x00\x87\xef\xff\xff$\x00\x00\x00Y\xff\xff\xff\x1b\x00\x00\x00\x00\x00\x00\x00\x00\x00\xda\x05\x87f}\xde')
Beacon sent.
2.292581796646118
./OPV/238_01:00:09.73.csv
2.158252000808716
./OPV/239_01:00:12.03.csv
2.053602695465088
./OPV/240_01:00:14.21.csv
2.1486239433288574
./OPV/241_01:00:16.49.csv
2.099355936050415
./OPV/242_01:00:18.72.csv
this is telem data: bytearray(b'\xab\xcd"\x01\x00\x13\x03\x9c\x00O\xfa\x87P\x89\x15=\x12\x00\x00?\x04\x1b\x00L\x01\x06\x00\xfc\x01\x16\x00>\x04\x1e\x00\xa2\x0b`\r\xbe\n&\x08\xbc&\x00\x00\x00\x00\x00\x00\x00\x00\x00\x00\x00\x00\x00\x00\x00\x00\x00\x00\x00\x00\x00\x00\x00\x00\x00\x00\x00\x00\x00\x00\x00\x00\x00\x00\x00\x00\x00\x00\x00\x00\x00\x00\x00\x00\x00\x00\x00\x00\x00\x00\x00\x003\x08\xec\x02\x10\x02\x00\x00\x00ct\xc5f\x01\x00\x00\x00\x00\x00\x00\x00\x0b\x00I\x03\x00\x00&\x16\x00\x00\x86\xef\xff\xff\x18\x00\x00\x00V\xff\xff\xff$\x00\x00\x00\x00\x00\x00\x00\x00\x00\xbe\xb3n"\x08\xd9')
Beacon sent.
2.2315785884857178
./OPV/243_01:00:21.08.csv
2.3787529468536377
./OPV/244_01:00:23.59.csv
2.1073482036590576
./OPV/245_01:00:25.83.csv
2.0679874420166016
./OPV/246_01:00:28.03.csv
this is telem data: bytearray(b'\xab\xcd"\x01\x00\x13\x03\x9c\x00O\xfa\xa2P\x89\x15s\x12\x00\x00>\x04\x1c\x00L\x01\x06\x00\xfc\x01\x17\x00@\x04\x1c\x00\xa2\x0b`\r\xbe\n%\x08\xbc&\x00\x00\x00\x00\x00\x00\x00\x00\x00\x00\x00\x00\x00\x00\x00\x00\x00\x00\x00\x00\x00\x00\x00\x00\x00\x00\x00\x00\x00\x00\x00\x00\x00\x00\x00\x00\x00\x00\x00\x00\x00\x00\x00\x00\x00\x00\x00\x00\x00\x00\x00\x00\x13\x08\x90\x02\xd9\x01\x00\x00\x00mt\xc5f\x01\x00\x00\x00\x00\x00\x00\x00\x0b\x00E\x03\x00\x00%\x16\x00\x00~\xef\xff\xff!\x00\x00\x00Y\xff\xff\xff\x1e\x00\x00\x00\x00\x00\x00\x00\x00\x00_yd\xb8b/')
Beacon sent.
2.2956483364105225
./OPV/247_01:00:30.45.csv
2.145761728286743
./OPV/248_01:00:32.73.csv
2.1018521785736084
./OPV/249_01:00:34.96.csv
2.1517462730407715
./OPV/250_01:00:37.24.csv
this is telem data: bytearray(b'\xab\xcd"\x01\x00\x13\x03\x9c\x00O\xfa\x9eP\x89\x15\x08\x12\x00\x00>\x04\x1d\x00L\x01\x05\x00\xfb\x01\x18\x00>\x04\x1f\x00\x92\x0bV\r\xbe\n$\x08\xbc&\x00\x00\x00\x00\x00\x00\x00\x00\x00\x00\x00\x00\x00\x00\x00\x00\x00\x00\x00\x00\x00\x00\x00\x00\x00\x00\x00\x00\x00\x00\x00\x00\x00\x00\x00\x00\x00\x00\x00\x00\x00\x00\x00\x00\x00\x00\x00\x00\x00\x00\x00\x00g\x08\x8b\x02\xea\x01\x00\x00\x00wt\xc5f\x01\x00\x00\x00\x00\x00\x00\x00\x0b\x00I\x03\x00\x00(\x16\x00\x00{\xef\xff\xff-\x00\x00\x00S\xff\xff\xff\x18\x00\x00\x00\x00\x00\x00\x00\x00\x00DF\xcb\xf9\x17%')
Beacon sent.
2.277202606201172
./OPV/251_01:00:39.64.csv
2.1046993732452393
./OPV/252_01:00:41.88.csv
2.145737648010254
./OPV/253_01:00:44.16.csv
2.1074960231781006
./OPV/254_01:00:46.40.csv
2.1188266277313232
./OPV/255_01:00:48.65.csv
this is telem data: bytearray(b'\xab\xcd"\x01\x00\x13\x03\x9c\x00O\xfa\x9dP\x89\x15s\x12\x00\x00?\x04\x1b\x00L\x01\x06\x00\xfb\x01\x16\x00?\x04\x1b\x00\xa2\x0bk\r\xbe\n#\x08\xbc&\x00\x00\x00\x00\x00\x00\x00\x00\x00\x00\x00\x00\x00\x00\x00\x00\x00\x00\x00\x00\x00\x00\x00\x00\x00\x00\x00\x00\x00\x00\x00\x00\x00\x00\x00\x00\x00\x00\x00\x00\x00\x00\x00\x00\x00\x00\x00\x00\x00\x00\x00\x00F\x08\xf0\x02\xec\x01\x00\x00\x00\x81t\xc5f\x01\x00\x00\x00\x00\x00\x00\x00\x0b\x00N\x03\x00\x00\x19\x16\x00\x00\x88\xef\xff\xff\x1b\x00\x00\x00S\xff\xff\xff\'\x00\x00\x00\x00\x00\x00\x00\x00\x00\x1e\x18\x9f\xd6\x1b\xf1')
Beacon sent.
2.3062567710876465
./OPV/256_01:00:51.08.csv
2.1097564697265625
./OPV/257_01:00:53.32.csv
2.1055729389190674
./OPV/258_01:00:55.56.csv
2.1213221549987793
./OPV/259_01:00:57.81.csv
this is telem data: bytearray(b'\xab\xcd"\x01\x00\x13\x03\x9c\x00O\xfa\x97P\x89\x15s\x12\x00\x00@\x04\x1c\x00M\x01\x06\x00\xfb\x01\x19\x00A\x04\x1d\x00\xc1\x0bf\r\xc4\n"\x08\xbc&\x00\x00\x00\x00\x00\x00\x00\x00\x00\x00\x00\x00\x00\x00\x00\x00\x00\x00\x00\x00\x00\x00\x00\x00\x00\x00\x00\x00\x00\x00\x00\x00\x00\x00\x00\x00\x00\x00\x00\x00\x00\x00\x00\x00\x00\x00\x00\x00\x00\x00\x00\x00I\x08\xb0\x02\xdd\x01\x00\x00\x00\x8bt\xc5f\x01\x00\x00\x00\x00\x00\x00\x00\x0b\x006\x03\x00\x00%\x16\x00\x00v\xef\xff\xff\x03\x00\x00\x00b\xff\xff\xff\x18\x00\x00\x00\x00\x00\x00\x00\x00\x00\xc8\x9el\x99\xb8f')
Beacon sent.
2.2726712226867676
./OPV/260_01:01:00.21.csv
2.102907180786133
./OPV/261_01:01:02.45.csv
2.0916268825531006
./OPV/262_01:01:04.67.csv
2.1131973266601562
./OPV/263_01:01:06.91.csv
2.1126599311828613
./OPV/264_01:01:09.16.csv
this is telem data: bytearray(b'\xab\xcd"\x01\x00\x13\x03\x9c\x00O\xfa\xb2P\x89\x15s\x12\x00\x00?\x04\x1d\x00M\x01\x06\x00\xfb\x01\x18\x00>\x04\x1f\x00\xb1\x0bf\r\xc4\n"\x08\xbc&\x00\x00\x00\x00\x00\x00\x00\x00\x00\x00\x00\x00\x00\x00\x00\x00\x00\x00\x00\x00\x00\x00\x00\x00\x00\x00\x00\x00\x00\x00\x00\x00\x00\x00\x00\x00\x00\x00\x00\x00\x00\x00\x00\x00\x00\x00\x00\x00\x00\x00\x00\x00@\x08\xb4\x02\x04\x02\x00\x00\x00\x95t\xc5f\x01\x00\x00\x00\x00\x00\x00\x00\x0b\x00J\x03\x00\x00)\x16\x00\x00\x80\xef\xff\xff\x1b\x00\x00\x00S\xff\xff\xff*\x00\x00\x00\x00\x00\x00\x00\x00\x00;\x803\xca\\\xad')
Beacon sent.
2.4539690017700195
./OPV/265_01:01:11.74.csv
2.1983001232147217
./OPV/266_01:01:14.07.csv
2.100156784057617
./OPV/267_01:01:16.30.csv
2.0880017280578613
./OPV/268_01:01:18.52.csv
this is telem data: bytearray(b'\xab\xcd"\x01\x00\x13\x03\x9c\x00O\xfa}P\x89\x15s\x12\x00\x00?\x04\x1d\x00L\x01\x06\x00\xfb\x01\x15\x00?\x04\x1c\x00\x8d\x0bu\r\xc4\n"\x08\xbc&\x00\x00\x00\x00\x00\x00\x00\x00\x00\x00\x00\x00\x00\x00\x00\x00\x00\x00\x00\x00\x00\x00\x00\x00\x00\x00\x00\x00\x00\x00\x00\x00\x00\x00\x00\x00\x00\x00\x00\x00\x00\x00\x00\x00\x00\x00\x00\x00\x00\x00\x00\x00(\x08\xa4\x02\xe4\x01\x00\x00\x00\x9ft\xc5f\x01\x00\x00\x00\x00\x00\x00\x00\x0b\x00a\x03\x00\x00\x1a\x16\x00\x00~\xef\xff\xff\x15\x00\x00\x00_\xff\xff\xff*\x00\x00\x00\x00\x00\x00\x00\x00\x00\xb8\xd2(\x10\x927')
Beacon sent.
2.2938663959503174
./OPV/269_01:01:20.95.csv
2.125507116317749
./OPV/270_01:01:23.21.csv
2.051917314529419
./OPV/271_01:01:25.39.csv
2.1252310276031494
./OPV/272_01:01:27.65.csv
this is telem data: bytearray(b'\xab\xcd"\x01\x00\x13\x03\x9c\x00O\xfa\x8cP\x89\x15s\x12\x00\x00?\x04\x1b\x00L\x01\x07\x00\xfb\x01\x15\x00>\x04\x1b\x00\xb7\x0bQ\r\xc4\n#\x08\xbc&\x00\x00\x00\x00\x00\x00\x00\x00\x00\x00\x00\x00\x00\x00\x00\x00\x00\x00\x00\x00\x00\x00\x00\x00\x00\x00\x00\x00\x00\x00\x00\x00\x00\x00\x00\x00\x00\x00\x00\x00\x00\x00\x00\x00\x00\x00\x00\x00\x00\x00\x00\x00M\x08\xee\x02\r\x02\x00\x00\x00\xa9t\xc5f\x01\x00\x00\x00\x00\x00\x00\x00\x11\x00J\x03\x00\x00%\x16\x00\x00{\xef\xff\xff\x1e\x00\x00\x00k\xff\xff\xff\x1b\x00\x00\x00\x00\x00\x00\x00\x00\x00k\xac\xa9\x02\xe4\xac')
Beacon sent.
2.319734573364258
./OPV/273_01:01:30.10.csv
2.026216506958008
./OPV/274_01:01:32.26.csv
2.1492557525634766
./OPV/275_01:01:34.54.csv
2.1249029636383057
./OPV/276_01:01:36.80.csv
2.0876305103302
./OPV/277_01:01:39.02.csv
this is telem data: bytearray(b'\xab\xcd"\x01\x00\x13\x03\x9c\x00O\xfa\x84P\x89\x15s\x12\x00\x00>\x04\x1c\x00K\x01\x07\x00\xfb\x01\x14\x00@\x04\x1b\x00\xa2\x0bp\r\xc4\n"\x08\xbc&\x00\x00\x00\x00\x00\x00\x00\x00\x00\x00\x00\x00\x00\x00\x00\x00\x00\x00\x00\x00\x00\x00\x00\x00\x00\x00\x00\x00\x00\x00\x00\x00\x00\x00\x00\x00\x00\x00\x00\x00\x00\x00\x00\x00\x00\x00\x00\x00\x00\x00\x00\x00\'\x08\xa8\x02\xd8\x01\x00\x00\x00\xb3t\xc5f\x01\x00\x00\x00\x00\x00\x00\x00\x08\x00]\x03\x00\x00\x1e\x16\x00\x00~\xef\xff\xff\x1b\x00\x00\x00P\xff\xff\xff\x1e\x00\x00\x00\x00\x00\x00\x00\x00\x00\xbf\xd3q\xbb\x05\xc0')
Beacon sent.
2.322298049926758
./OPV/278_01:01:41.47.csv
2.125284194946289
./OPV/279_01:01:43.73.csv
2.1320016384124756
./OPV/280_01:01:45.99.csv
2.171689987182617
./OPV/281_01:01:48.29.csv
this is telem data: bytearray(b'\xab\xcd"\x01\x00\x13\x03\x9c\x00O\xfa\x94P\x89\x15s\x12\x00\x00>\x04\x1b\x00L\x01\x06\x00\xfb\x01\x15\x00@\x04\x1b\x00\xb1\x0b`\r\xc4\n"\x08\xbc&\x00\x00\x00\x00\x00\x00\x00\x00\x00\x00\x00\x00\x00\x00\x00\x00\x00\x00\x00\x00\x00\x00\x00\x00\x00\x00\x00\x00\x00\x00\x00\x00\x00\x00\x00\x00\x00\x00\x00\x00\x00\x00\x00\x00\x00\x00\x00\x00\x00\x00\x00\x00{\x08\xc8\x02\xf3\x01\x00\x00\x00\xbdt\xc5f\x01\x00\x00\x00\x00\x00\x00\x00\x08\x00J\x03\x00\x00)\x16\x00\x00w\xef\xff\xff\x1b\x00\x00\x00q\xff\xff\xff\x18\x00\x00\x00\x00\x00\x00\x00\x00\x00t\xd4\xe2\xdd\xf7\x8e')
Beacon sent.
2.2475574016571045
./OPV/282_01:01:50.67.csv
2.0900869369506836
./OPV/283_01:01:52.89.csv
2.143218994140625
./OPV/284_01:01:55.17.csv
2.1368417739868164
./OPV/285_01:01:57.44.csv
this is telem data: bytearray(b'\xab\xcd"\x01\x00\x13\x03\x9c\x00O\xfa\xa2P\x89\x15s\x12\x00\x00@\x04\x1f\x00L\x01\x06\x00\xfb\x01\x1b\x00?\x04\x1e\x00\xb1\x0bV\r\xca\n!\x08\xbd&\x00\x00\x00\x00\x00\x00\x00\x00\x00\x00\x00\x00\x00\x00\x00\x00\x00\x00\x00\x00\x00\x00\x00\x00\x00\x00\x00\x00\x00\x00\x00\x00\x00\x00\x00\x00\x00\x00\x00\x00\x00\x00\x00\x00\x00\x00\x00\x00\x00\x00\x00\x00X\x08\xeb\x02\xe9\x01\x00\x00\x00\xc7t\xc5f\x01\x00\x00\x00\x00\x00\x00\x00\x08\x00N\x03\x00\x00%\x16\x00\x00\x7f\xef\xff\xff\x1b\x00\x00\x00h\xff\xff\xff0\x00\x00\x00\x00\x00\x00\x00\x00\x00\xa3,\x19y6C')
Beacon sent.
2.282121181488037
./OPV/286_01:01:59.85.csv
2.3599932193756104
./OPV/287_01:02:02.35.csv
2.1072399616241455
./OPV/288_01:02:04.59.csv
2.0994439125061035
./OPV/289_01:02:06.82.csv
2.1612632274627686
./OPV/290_01:02:09.12.csv
this is telem data: bytearray(b'\xab\xcd"\x01\x00\x13\x03\x9c\x00O\xfa\xa7P\x89\x15\xa9\x12\x00\x00@\x04\x1c\x00L\x01\x05\x00\xfb\x01\x1a\x00>\x04\x1d\x00\xbc\x0bz\r\xca\n \x08\xbc&\x00\x00\x00\x00\x00\x00\x00\x00\x00\x00\x00\x00\x00\x00\x00\x00\x00\x00\x00\x00\x00\x00\x00\x00\x00\x00\x00\x00\x00\x00\x00\x00\x00\x00\x00\x00\x00\x00\x00\x00\x00\x00\x00\x00\x00\x00\x00\x00\x00\x00\x00\x00q\x08\x04\x03\x1a\x02\x00\x00\x00\xd1t\xc5f\x01\x00\x00\x00\x00\x00\x00\x00\x08\x00L\x03\x00\x00(\x16\x00\x00w\xef\xff\xff\x1e\x00\x00\x00S\xff\xff\xff!\x00\x00\x00\x00\x00\x00\x00\x00\x00JS\x16\xbc\xfc\xb0')
Beacon sent.
2.2518506050109863
./OPV/291_01:02:11.50.csv
2.0998036861419678
./OPV/292_01:02:13.74.csv
2.1317124366760254
./OPV/293_01:02:16.00.csv
2.089399814605713
./OPV/294_01:02:18.23.csv
this is telem data: bytearray(b'\xab\xcd"\x01\x00\x13\x03\x9c\x00O\xfa\xa1P\x89\x15\xa9\x12\x00\x00>\x04\x1f\x00L\x01\x06\x00\xfc\x01\x15\x00@\x04\x1c\x00\xe0\x0bz\r\xd0\n \x08\xbc&\x00\x00\x00\x00\x00\x00\x00\x00\x00\x00\x00\x00\x00\x00\x00\x00\x00\x00\x00\x00\x00\x00\x00\x00\x00\x00\x00\x00\x00\x00\x00\x00\x00\x00\x00\x00\x00\x00\x00\x00\x00\x00\x00\x00\x00\x00\x00\x00\x00\x00\x00\x00)\x08\xb6\x02\x00\x02\x00\x00\x00\xdbt\xc5f\x01\x00\x00\x00\x00\x00\x00\x00\x08\x009\x03\x00\x00(\x16\x00\x00t\xef\xff\xff\x1b\x00\x00\x00b\xff\xff\xff$\x00\x00\x00\x00\x00\x00\x00\x00\x00\xbf\xde\xa1-\xf2\x05')
Beacon sent.
2.2737009525299072
./OPV/295_01:02:20.63.csv
2.110830545425415
./OPV/296_01:02:22.87.csv
2.1463751792907715